{"/home/travis/build/npmtest/node-npmtest-angular2-toaster/test.js":{"path":"/home/travis/build/npmtest/node-npmtest-angular2-toaster/test.js","s":{"1":2,"2":2,"3":2,"4":2,"5":2,"6":2,"7":2,"8":1,"9":2,"10":2,"11":1,"12":1,"13":1,"14":1,"15":2,"16":2,"17":2,"18":2,"19":1,"20":1,"21":2,"22":2,"23":2,"24":1,"25":1,"26":1,"27":1,"28":1,"29":1,"30":1,"31":1,"32":1,"33":1,"34":1,"35":1,"36":1,"37":1,"38":1,"39":2,"40":2,"41":1,"42":2,"43":2,"44":1,"45":2,"46":2,"47":1,"48":2,"49":2,"50":1,"51":1,"52":1,"53":1,"54":1},"b":{"1":[2,1,1,1],"2":[1,1,1,1],"3":[1,1],"4":[1,1],"5":[1,1],"6":[1,1],"7":[1,1],"8":[1,1],"9":[1,1],"10":[1,1,1],"11":[1,1],"12":[1,1],"13":[1,1],"14":[1,1],"15":[1,1],"16":[1,1],"17":[1,1]},"f":{"1":2,"2":2,"3":2,"4":2,"5":2,"6":1,"7":1,"8":1,"9":2,"10":2,"11":2,"12":2,"13":1},"fnMap":{"1":{"name":"(anonymous_1)","line":12,"loc":{"start":{"line":12,"column":1},"end":{"line":12,"column":13}}},"2":{"name":"(anonymous_2)","line":19,"loc":{"start":{"line":19,"column":5},"end":{"line":19,"column":17}}},"3":{"name":"(anonymous_3)","line":23,"loc":{"start":{"line":23,"column":24},"end":{"line":23,"column":36}}},"4":{"name":"(anonymous_4)","line":61,"loc":{"start":{"line":61,"column":5},"end":{"line":61,"column":17}}},"5":{"name":"(anonymous_5)","line":82,"loc":{"start":{"line":82,"column":5},"end":{"line":82,"column":17}}},"6":{"name":"(anonymous_6)","line":91,"loc":{"start":{"line":91,"column":77},"end":{"line":94,"column":10}}},"7":{"name":"(anonymous_7)","line":112,"loc":{"start":{"line":112,"column":83},"end":{"line":115,"column":10}},"skip":true},"8":{"name":"(anonymous_8)","line":123,"loc":{"start":{"line":123,"column":77},"end":{"line":126,"column":10}},"skip":true},"9":{"name":"(anonymous_9)","line":139,"loc":{"start":{"line":139,"column":12},"end":{"line":139,"column":40}},"skip":true},"10":{"name":"(anonymous_10)","line":147,"loc":{"start":{"line":147,"column":77},"end":{"line":150,"column":10}},"skip":true},"11":{"name":"(anonymous_11)","line":158,"loc":{"start":{"line":158,"column":83},"end":{"line":161,"column":10}},"skip":true},"12":{"name":"(anonymous_12)","line":169,"loc":{"start":{"line":169,"column":79},"end":{"line":172,"column":10}},"skip":true},"13":{"name":"(anonymous_13)","line":180,"loc":{"start":{"line":180,"column":75},"end":{"line":183,"column":10}},"skip":true}},"statementMap":{"1":{"start":{"line":12,"column":0},"end":{"line":195,"column":5}},"2":{"start":{"line":14,"column":4},"end":{"line":14,"column":14}},"3":{"start":{"line":19,"column":4},"end":{"line":56,"column":9}},"4":{"start":{"line":21,"column":8},"end":{"line":21,"column":19}},"5":{"start":{"line":23,"column":8},"end":{"line":35,"column":13}},"6":{"start":{"line":24,"column":12},"end":{"line":34,"column":13}},"7":{"start":{"line":25,"column":16},"end":{"line":28,"column":30}},"8":{"start":{"line":30,"column":16},"end":{"line":33,"column":27}},"9":{"start":{"line":37,"column":8},"end":{"line":39,"column":21}},"10":{"start":{"line":40,"column":8},"end":{"line":53,"column":9}},"11":{"start":{"line":43,"column":12},"end":{"line":46,"column":14}},"12":{"start":{"line":47,"column":12},"end":{"line":47,"column":18}},"13":{"start":{"line":50,"column":12},"end":{"line":51,"column":46}},"14":{"start":{"line":52,"column":12},"end":{"line":52,"column":18}},"15":{"start":{"line":55,"column":8},"end":{"line":55,"column":35}},"16":{"start":{"line":61,"column":4},"end":{"line":63,"column":9}},"17":{"start":{"line":62,"column":8},"end":{"line":62,"column":15}},"18":{"start":{"line":64,"column":4},"end":{"line":77,"column":5}},"19":{"start":{"line":70,"column":8},"end":{"line":70,"column":14}},"20":{"start":{"line":76,"column":8},"end":{"line":76,"column":14}},"21":{"start":{"line":82,"column":4},"end":{"line":84,"column":9}},"22":{"start":{"line":83,"column":8},"end":{"line":83,"column":15}},"23":{"start":{"line":85,"column":4},"end":{"line":194,"column":5}},"24":{"start":{"line":91,"column":8},"end":{"line":99,"column":10}},"25":{"start":{"line":98,"column":12},"end":{"line":98,"column":35}},"26":{"start":{"line":102,"column":8},"end":{"line":104,"column":63}},"27":{"start":{"line":105,"column":8},"end":{"line":105,"column":14}},"28":{"start":{"line":112,"column":8},"end":{"line":121,"column":10},"skip":true},"29":{"start":{"line":119,"column":12},"end":{"line":119,"column":55},"skip":true},"30":{"start":{"line":120,"column":12},"end":{"line":120,"column":48},"skip":true},"31":{"start":{"line":123,"column":8},"end":{"line":136,"column":10},"skip":true},"32":{"start":{"line":130,"column":12},"end":{"line":130,"column":76},"skip":true},"33":{"start":{"line":131,"column":12},"end":{"line":131,"column":73},"skip":true},"34":{"start":{"line":132,"column":12},"end":{"line":132,"column":74},"skip":true},"35":{"start":{"line":133,"column":12},"end":{"line":133,"column":79},"skip":true},"36":{"start":{"line":134,"column":12},"end":{"line":134,"column":25},"skip":true},"37":{"start":{"line":135,"column":12},"end":{"line":135,"column":45},"skip":true},"38":{"start":{"line":138,"column":8},"end":{"line":145,"column":14},"skip":true},"39":{"start":{"line":143,"column":16},"end":{"line":143,"column":29},"skip":true},"40":{"start":{"line":144,"column":16},"end":{"line":144,"column":55},"skip":true},"41":{"start":{"line":147,"column":8},"end":{"line":156,"column":10},"skip":true},"42":{"start":{"line":154,"column":12},"end":{"line":154,"column":25},"skip":true},"43":{"start":{"line":155,"column":12},"end":{"line":155,"column":45},"skip":true},"44":{"start":{"line":158,"column":8},"end":{"line":167,"column":10},"skip":true},"45":{"start":{"line":165,"column":12},"end":{"line":165,"column":25},"skip":true},"46":{"start":{"line":166,"column":12},"end":{"line":166,"column":48},"skip":true},"47":{"start":{"line":169,"column":8},"end":{"line":178,"column":10},"skip":true},"48":{"start":{"line":176,"column":12},"end":{"line":176,"column":25},"skip":true},"49":{"start":{"line":177,"column":12},"end":{"line":177,"column":46},"skip":true},"50":{"start":{"line":180,"column":8},"end":{"line":189,"column":10},"skip":true},"51":{"start":{"line":187,"column":12},"end":{"line":187,"column":94},"skip":true},"52":{"start":{"line":188,"column":12},"end":{"line":188,"column":48},"skip":true},"53":{"start":{"line":192,"column":8},"end":{"line":192,"column":35},"skip":true},"54":{"start":{"line":193,"column":8},"end":{"line":193,"column":14},"skip":true}},"branchMap":{"1":{"line":25,"type":"binary-expr","locations":[{"start":{"line":25,"column":23},"end":{"line":25,"column":62}},{"start":{"line":26,"column":20},"end":{"line":26,"column":70}},{"start":{"line":27,"column":20},"end":{"line":27,"column":71}},{"start":{"line":28,"column":20},"end":{"line":28,"column":29}}]},"2":{"line":30,"type":"binary-expr","locations":[{"start":{"line":30,"column":23},"end":{"line":30,"column":37}},{"start":{"line":31,"column":20},"end":{"line":31,"column":61}},{"start":{"line":32,"column":20},"end":{"line":32,"column":70}},{"start":{"line":33,"column":20},"end":{"line":33,"column":26}}]},"3":{"line":37,"type":"cond-expr","locations":[{"start":{"line":38,"column":14},"end":{"line":38,"column":20}},{"start":{"line":39,"column":14},"end":{"line":39,"column":20}}]},"4":{"line":40,"type":"switch","locations":[{"start":{"line":42,"column":8},"end":{"line":47,"column":18}},{"start":{"line":49,"column":8},"end":{"line":52,"column":18}}]},"5":{"line":44,"type":"binary-expr","locations":[{"start":{"line":44,"column":16},"end":{"line":44,"column":44}},{"start":{"line":44,"column":48},"end":{"line":44,"column":66}}]},"6":{"line":50,"type":"binary-expr","locations":[{"start":{"line":50,"column":21},"end":{"line":50,"column":49}},{"start":{"line":50,"column":53},"end":{"line":50,"column":72}}]},"7":{"line":64,"type":"switch","locations":[{"start":{"line":69,"column":4},"end":{"line":70,"column":14}},{"start":{"line":75,"column":4},"end":{"line":76,"column":14}}]},"8":{"line":85,"type":"switch","locations":[{"start":{"line":90,"column":4},"end":{"line":105,"column":14}},{"start":{"line":111,"column":4},"end":{"line":193,"column":14},"skip":true}]},"9":{"line":91,"type":"binary-expr","locations":[{"start":{"line":91,"column":42},"end":{"line":91,"column":73}},{"start":{"line":91,"column":77},"end":{"line":99,"column":9}}]},"10":{"line":102,"type":"binary-expr","locations":[{"start":{"line":102,"column":18},"end":{"line":102,"column":32}},{"start":{"line":103,"column":12},"end":{"line":103,"column":53}},{"start":{"line":104,"column":12},"end":{"line":104,"column":61}}]},"11":{"line":112,"type":"binary-expr","locations":[{"start":{"line":112,"column":45},"end":{"line":112,"column":79},"skip":true},{"start":{"line":112,"column":83},"end":{"line":121,"column":9},"skip":true}]},"12":{"line":123,"type":"binary-expr","locations":[{"start":{"line":123,"column":42},"end":{"line":123,"column":73},"skip":true},{"start":{"line":123,"column":77},"end":{"line":136,"column":9},"skip":true}]},"13":{"line":138,"type":"binary-expr","locations":[{"start":{"line":138,"column":48},"end":{"line":138,"column":85},"skip":true},{"start":{"line":139,"column":12},"end":{"line":145,"column":13},"skip":true}]},"14":{"line":147,"type":"binary-expr","locations":[{"start":{"line":147,"column":42},"end":{"line":147,"column":73},"skip":true},{"start":{"line":147,"column":77},"end":{"line":156,"column":9},"skip":true}]},"15":{"line":158,"type":"binary-expr","locations":[{"start":{"line":158,"column":45},"end":{"line":158,"column":79},"skip":true},{"start":{"line":158,"column":83},"end":{"line":167,"column":9},"skip":true}]},"16":{"line":169,"type":"binary-expr","locations":[{"start":{"line":169,"column":43},"end":{"line":169,"column":75},"skip":true},{"start":{"line":169,"column":79},"end":{"line":178,"column":9},"skip":true}]},"17":{"line":180,"type":"binary-expr","locations":[{"start":{"line":180,"column":41},"end":{"line":180,"column":71},"skip":true},{"start":{"line":180,"column":75},"end":{"line":189,"column":9},"skip":true}]}},"code":["/* istanbul instrument in package npmtest_angular2_toaster */","/*jslint","    bitwise: true,","    browser: true,","    maxerr: 8,","    maxlen: 96,","    node: true,","    nomen: true,","    regexp: true,","    stupid: true","*/","(function () {","    'use strict';","    var local;","","","","    // run shared js-env code - pre-init","    (function () {","        // init local","        local = {};","        // init modeJs","        local.modeJs = (function () {","            try {","                return typeof navigator.userAgent === 'string' &&","                    typeof document.querySelector('body') === 'object' &&","                    typeof XMLHttpRequest.prototype.open === 'function' &&","                    'browser';","            } catch (errorCaughtBrowser) {","                return module.exports &&","                    typeof process.versions.node === 'string' &&","                    typeof require('http').createServer === 'function' &&","                    'node';","            }","        }());","        // init global","        local.global = local.modeJs === 'browser'","            ? window","            : global;","        switch (local.modeJs) {","        // re-init local from window.local","        case 'browser':","            local = local.global.utility2.objectSetDefault(","                local.global.utility2_rollup || local.global.local,","                local.global.utility2","            );","            break;","        // re-init local from example.js","        case 'node':","            local = (local.global.utility2_rollup || require('utility2'))","                .requireExampleJsFromReadme();","            break;","        }","        // export local","        local.global.local = local;","    }());","","","","    // run shared js-env code - function","    (function () {","        return;","    }());","    switch (local.modeJs) {","","","","    // run browser js-env code - function","    case 'browser':","        break;","","","","    // run node js-env code - function","    case 'node':","        break;","    }","","","","    // run shared js-env code - post-init","    (function () {","        return;","    }());","    switch (local.modeJs) {","","","","    // run browser js-env code - post-init","    case 'browser':","        local.testCase_browser_nullCase = local.testCase_browser_nullCase || function (","            options,","            onError","        ) {","        /*","         * this function will test browsers's null-case handling-behavior-behavior","         */","            onError(null, options);","        };","","        // run tests","        local.nop(local.modeTest &&","            document.querySelector('#testRunButton1') &&","            document.querySelector('#testRunButton1').click());","        break;","","","","    // run node js-env code - post-init","    /* istanbul ignore next */","    case 'node':","        local.testCase_buildApidoc_default = local.testCase_buildApidoc_default || function (","            options,","            onError","        ) {","        /*","         * this function will test buildApidoc's default handling-behavior-behavior","         */","            options = { modulePathList: module.paths };","            local.buildApidoc(options, onError);","        };","","        local.testCase_buildApp_default = local.testCase_buildApp_default || function (","            options,","            onError","        ) {","        /*","         * this function will test buildApp's default handling-behavior-behavior","         */","            local.testCase_buildReadme_default(options, local.onErrorThrow);","            local.testCase_buildLib_default(options, local.onErrorThrow);","            local.testCase_buildTest_default(options, local.onErrorThrow);","            local.testCase_buildCustomOrg_default(options, local.onErrorThrow);","            options = [];","            local.buildApp(options, onError);","        };","","        local.testCase_buildCustomOrg_default = local.testCase_buildCustomOrg_default ||","            function (options, onError) {","            /*","             * this function will test buildCustomOrg's default handling-behavior","             */","                options = {};","                local.buildCustomOrg(options, onError);","            };","","        local.testCase_buildLib_default = local.testCase_buildLib_default || function (","            options,","            onError","        ) {","        /*","         * this function will test buildLib's default handling-behavior","         */","            options = {};","            local.buildLib(options, onError);","        };","","        local.testCase_buildReadme_default = local.testCase_buildReadme_default || function (","            options,","            onError","        ) {","        /*","         * this function will test buildReadme's default handling-behavior-behavior","         */","            options = {};","            local.buildReadme(options, onError);","        };","","        local.testCase_buildTest_default = local.testCase_buildTest_default || function (","            options,","            onError","        ) {","        /*","         * this function will test buildTest's default handling-behavior","         */","            options = {};","            local.buildTest(options, onError);","        };","","        local.testCase_webpage_default = local.testCase_webpage_default || function (","            options,","            onError","        ) {","        /*","         * this function will test webpage's default handling-behavior","         */","            options = { modeCoverageMerge: true, url: local.serverLocalHost + '?modeTest=1' };","            local.browserTest(options, onError);","        };","","        // run test-server","        local.testRunServer(local);","        break;","    }","}());",""],"l":{"12":2,"14":2,"19":2,"21":2,"23":2,"24":2,"25":2,"30":1,"37":2,"40":2,"43":1,"47":1,"50":1,"52":1,"55":2,"61":2,"62":2,"64":2,"70":1,"76":1,"82":2,"83":2,"85":2,"91":1,"98":1,"102":1,"105":1,"112":1,"119":1,"120":1,"123":1,"130":1,"131":1,"132":1,"133":1,"134":1,"135":1,"138":1,"143":2,"144":2,"147":1,"154":2,"155":2,"158":1,"165":2,"166":2,"169":1,"176":2,"177":2,"180":1,"187":1,"188":1,"192":1,"193":1}},"/home/travis/build/npmtest/node-npmtest-angular2-toaster/lib.npmtest_angular2_toaster.js":{"path":"/home/travis/build/npmtest/node-npmtest-angular2-toaster/lib.npmtest_angular2_toaster.js","s":{"1":2,"2":2,"3":2,"4":2,"5":2,"6":2,"7":2,"8":1,"9":2,"10":2,"11":2,"12":2,"13":1,"14":1,"15":1,"16":1},"b":{"1":[2,1,1,1],"2":[1,1,1,1],"3":[1,1],"4":[2,2],"5":[1,1]},"f":{"1":2,"2":2,"3":2},"fnMap":{"1":{"name":"(anonymous_1)","line":12,"loc":{"start":{"line":12,"column":1},"end":{"line":12,"column":13}}},"2":{"name":"(anonymous_2)","line":19,"loc":{"start":{"line":19,"column":5},"end":{"line":19,"column":17}}},"3":{"name":"(anonymous_3)","line":23,"loc":{"start":{"line":23,"column":24},"end":{"line":23,"column":36}}}},"statementMap":{"1":{"start":{"line":12,"column":0},"end":{"line":53,"column":5}},"2":{"start":{"line":14,"column":4},"end":{"line":14,"column":14}},"3":{"start":{"line":19,"column":4},"end":{"line":52,"column":9}},"4":{"start":{"line":21,"column":8},"end":{"line":21,"column":19}},"5":{"start":{"line":23,"column":8},"end":{"line":35,"column":13}},"6":{"start":{"line":24,"column":12},"end":{"line":34,"column":13}},"7":{"start":{"line":25,"column":16},"end":{"line":28,"column":30}},"8":{"start":{"line":30,"column":16},"end":{"line":33,"column":27}},"9":{"start":{"line":37,"column":8},"end":{"line":39,"column":21}},"10":{"start":{"line":41,"column":8},"end":{"line":41,"column":54}},"11":{"start":{"line":43,"column":8},"end":{"line":43,"column":61}},"12":{"start":{"line":45,"column":8},"end":{"line":51,"column":9}},"13":{"start":{"line":46,"column":12},"end":{"line":46,"column":67}},"14":{"start":{"line":48,"column":12},"end":{"line":48,"column":35}},"15":{"start":{"line":49,"column":12},"end":{"line":49,"column":49}},"16":{"start":{"line":50,"column":12},"end":{"line":50,"column":43}}},"branchMap":{"1":{"line":25,"type":"binary-expr","locations":[{"start":{"line":25,"column":23},"end":{"line":25,"column":62}},{"start":{"line":26,"column":20},"end":{"line":26,"column":70}},{"start":{"line":27,"column":20},"end":{"line":27,"column":71}},{"start":{"line":28,"column":20},"end":{"line":28,"column":29}}]},"2":{"line":30,"type":"binary-expr","locations":[{"start":{"line":30,"column":23},"end":{"line":30,"column":37}},{"start":{"line":31,"column":20},"end":{"line":31,"column":61}},{"start":{"line":32,"column":20},"end":{"line":32,"column":70}},{"start":{"line":33,"column":20},"end":{"line":33,"column":26}}]},"3":{"line":37,"type":"cond-expr","locations":[{"start":{"line":38,"column":14},"end":{"line":38,"column":20}},{"start":{"line":39,"column":14},"end":{"line":39,"column":20}}]},"4":{"line":41,"type":"binary-expr","locations":[{"start":{"line":41,"column":16},"end":{"line":41,"column":44}},{"start":{"line":41,"column":48},"end":{"line":41,"column":53}}]},"5":{"line":45,"type":"if","locations":[{"start":{"line":45,"column":8},"end":{"line":45,"column":8}},{"start":{"line":45,"column":8},"end":{"line":45,"column":8}}]}},"code":["/* istanbul instrument in package npmtest_angular2_toaster */","/*jslint","    bitwise: true,","    browser: true,","    maxerr: 8,","    maxlen: 96,","    node: true,","    nomen: true,","    regexp: true,","    stupid: true","*/","(function () {","    'use strict';","    var local;","","","","    // run shared js-env code - pre-init","    (function () {","        // init local","        local = {};","        // init modeJs","        local.modeJs = (function () {","            try {","                return typeof navigator.userAgent === 'string' &&","                    typeof document.querySelector('body') === 'object' &&","                    typeof XMLHttpRequest.prototype.open === 'function' &&","                    'browser';","            } catch (errorCaughtBrowser) {","                return module.exports &&","                    typeof process.versions.node === 'string' &&","                    typeof require('http').createServer === 'function' &&","                    'node';","            }","        }());","        // init global","        local.global = local.modeJs === 'browser'","            ? window","            : global;","        // init utility2_rollup","        local = local.global.utility2_rollup || local;","        // init lib","        local.local = local.npmtest_angular2_toaster = local;","        // init exports","        if (local.modeJs === 'browser') {","            local.global.utility2_npmtest_angular2_toaster = local;","        } else {","            module.exports = local;","            module.exports.__dirname = __dirname;","            module.exports.module = module;","        }","    }());","}());",""],"l":{"12":2,"14":2,"19":2,"21":2,"23":2,"24":2,"25":2,"30":1,"37":2,"41":2,"43":2,"45":2,"46":1,"48":1,"49":1,"50":1}},"/home/travis/build/npmtest/node-npmtest-angular2-toaster/example.js":{"path":"/home/travis/build/npmtest/node-npmtest-angular2-toaster/example.js","s":{"1":2,"2":2,"3":2,"4":2,"5":2,"6":2,"7":2,"8":1,"9":2,"10":2,"11":2,"12":2,"13":1,"14":2,"15":2,"16":2,"17":2,"18":2,"19":0,"20":2,"21":1,"22":1,"23":1,"24":1,"25":1,"26":0,"27":0,"28":1,"29":1,"30":2,"31":0,"32":0,"33":0,"34":1,"35":2,"36":2,"37":3,"38":3,"39":3,"40":3,"41":0,"42":3,"43":3,"44":3,"45":1,"46":3,"47":1,"48":1,"49":1,"50":1,"51":1,"52":1,"53":1,"54":1,"55":1,"56":1,"57":0,"58":1,"59":6,"60":6,"61":1,"62":2,"63":0,"64":2,"65":1,"66":1,"67":0,"68":0,"69":0,"70":0,"71":0,"72":0,"73":0,"74":0,"75":0,"76":0,"77":0,"78":0,"79":0,"80":0,"81":0,"82":0,"83":0},"b":{"1":[2,1,1,1],"2":[1,1,1,1],"3":[1,1],"4":[2,2],"5":[1,1],"6":[1,1],"7":[2,0],"8":[2,1,1,1,1,1],"9":[0,2,0],"10":[1,1],"11":[2,1,1],"12":[1,0],"13":[0,2],"14":[2,0,0,0,0,0,0],"15":[0,3],"16":[3,0],"17":[1,1],"18":[0,1],"19":[1,2,0,2],"20":[1,0],"21":[1,1],"22":[0,0],"23":[0,0],"24":[0,0],"25":[0,0],"26":[0,0],"27":[0,0],"28":[0,0]},"f":{"1":2,"2":2,"3":2,"4":2,"5":2,"6":2,"7":3,"8":3,"9":3,"10":1,"11":6,"12":0},"fnMap":{"1":{"name":"(anonymous_1)","line":26,"loc":{"start":{"line":26,"column":1},"end":{"line":26,"column":13}}},"2":{"name":"(anonymous_2)","line":33,"loc":{"start":{"line":33,"column":5},"end":{"line":33,"column":17}}},"3":{"name":"(anonymous_3)","line":37,"loc":{"start":{"line":37,"column":24},"end":{"line":37,"column":36}}},"4":{"name":"(anonymous_4)","line":69,"loc":{"start":{"line":69,"column":31},"end":{"line":69,"column":48}},"skip":true},"5":{"name":"(anonymous_5)","line":78,"loc":{"start":{"line":78,"column":26},"end":{"line":78,"column":45}},"skip":true},"6":{"name":"(anonymous_6)","line":123,"loc":{"start":{"line":123,"column":33},"end":{"line":123,"column":48}},"skip":true},"7":{"name":"(anonymous_7)","line":125,"loc":{"start":{"line":125,"column":27},"end":{"line":125,"column":39}},"skip":true},"8":{"name":"(anonymous_8)","line":133,"loc":{"start":{"line":133,"column":59},"end":{"line":133,"column":74}},"skip":true},"9":{"name":"(anonymous_9)","line":143,"loc":{"start":{"line":143,"column":45},"end":{"line":143,"column":62}},"skip":true},"10":{"name":"(anonymous_10)","line":144,"loc":{"start":{"line":144,"column":73},"end":{"line":144,"column":92}},"skip":true},"11":{"name":"(anonymous_11)","line":272,"loc":{"start":{"line":272,"column":51},"end":{"line":272,"column":77}},"skip":true},"12":{"name":"(anonymous_12)","line":315,"loc":{"start":{"line":315,"column":32},"end":{"line":315,"column":61}},"skip":true}},"statementMap":{"1":{"start":{"line":26,"column":0},"end":{"line":326,"column":5}},"2":{"start":{"line":28,"column":4},"end":{"line":28,"column":14}},"3":{"start":{"line":33,"column":4},"end":{"line":60,"column":9}},"4":{"start":{"line":35,"column":8},"end":{"line":35,"column":19}},"5":{"start":{"line":37,"column":8},"end":{"line":49,"column":13}},"6":{"start":{"line":38,"column":12},"end":{"line":48,"column":13}},"7":{"start":{"line":39,"column":16},"end":{"line":42,"column":30}},"8":{"start":{"line":44,"column":16},"end":{"line":47,"column":27}},"9":{"start":{"line":51,"column":8},"end":{"line":53,"column":21}},"10":{"start":{"line":55,"column":8},"end":{"line":57,"column":45}},"11":{"start":{"line":59,"column":8},"end":{"line":59,"column":35}},"12":{"start":{"line":61,"column":4},"end":{"line":325,"column":5}},"13":{"start":{"line":69,"column":8},"end":{"line":121,"column":10},"skip":true},"14":{"start":{"line":70,"column":12},"end":{"line":88,"column":13},"skip":true},"15":{"start":{"line":76,"column":16},"end":{"line":87,"column":19},"skip":true},"16":{"start":{"line":79,"column":20},"end":{"line":86,"column":21},"skip":true},"17":{"start":{"line":82,"column":24},"end":{"line":82,"column":43},"skip":true},"18":{"start":{"line":83,"column":24},"end":{"line":83,"column":30},"skip":true},"19":{"start":{"line":85,"column":24},"end":{"line":85,"column":49},"skip":true},"20":{"start":{"line":89,"column":12},"end":{"line":107,"column":13},"skip":true},"21":{"start":{"line":92,"column":16},"end":{"line":102,"column":17},"skip":true},"22":{"start":{"line":93,"column":20},"end":{"line":93,"column":86},"skip":true},"23":{"start":{"line":94,"column":20},"end":{"line":95,"column":45},"skip":true},"24":{"start":{"line":96,"column":20},"end":{"line":96,"column":42},"skip":true},"25":{"start":{"line":97,"column":20},"end":{"line":97,"column":48},"skip":true},"26":{"start":{"line":100,"column":20},"end":{"line":100,"column":85},"skip":true},"27":{"start":{"line":101,"column":20},"end":{"line":101,"column":96},"skip":true},"28":{"start":{"line":103,"column":16},"end":{"line":103,"column":22},"skip":true},"29":{"start":{"line":106,"column":16},"end":{"line":106,"column":22},"skip":true},"30":{"start":{"line":108,"column":12},"end":{"line":120,"column":13},"skip":true},"31":{"start":{"line":114,"column":16},"end":{"line":119,"column":17},"skip":true},"32":{"start":{"line":116,"column":20},"end":{"line":116,"column":78},"skip":true},"33":{"start":{"line":118,"column":20},"end":{"line":118,"column":47},"skip":true},"34":{"start":{"line":123,"column":8},"end":{"line":141,"column":11},"skip":true},"35":{"start":{"line":124,"column":12},"end":{"line":124,"column":54},"skip":true},"36":{"start":{"line":125,"column":12},"end":{"line":140,"column":14},"skip":true},"37":{"start":{"line":126,"column":16},"end":{"line":126,"column":28},"skip":true},"38":{"start":{"line":127,"column":16},"end":{"line":127,"column":69},"skip":true},"39":{"start":{"line":128,"column":16},"end":{"line":128,"column":75},"skip":true},"40":{"start":{"line":129,"column":16},"end":{"line":131,"column":17},"skip":true},"41":{"start":{"line":130,"column":20},"end":{"line":130,"column":27},"skip":true},"42":{"start":{"line":133,"column":16},"end":{"line":137,"column":36},"skip":true},"43":{"start":{"line":134,"column":20},"end":{"line":136,"column":55},"skip":true},"44":{"start":{"line":139,"column":16},"end":{"line":139,"column":57},"skip":true},"45":{"start":{"line":143,"column":8},"end":{"line":147,"column":11},"skip":true},"46":{"start":{"line":144,"column":12},"end":{"line":146,"column":15},"skip":true},"47":{"start":{"line":145,"column":16},"end":{"line":145,"column":70},"skip":true},"48":{"start":{"line":149,"column":8},"end":{"line":149,"column":31},"skip":true},"49":{"start":{"line":150,"column":8},"end":{"line":150,"column":14},"skip":true},"50":{"start":{"line":158,"column":8},"end":{"line":158,"column":31},"skip":true},"51":{"start":{"line":160,"column":8},"end":{"line":160,"column":33},"skip":true},"52":{"start":{"line":161,"column":8},"end":{"line":161,"column":37},"skip":true},"53":{"start":{"line":162,"column":8},"end":{"line":162,"column":35},"skip":true},"54":{"start":{"line":164,"column":8},"end":{"line":164,"column":50},"skip":true},"55":{"start":{"line":166,"column":8},"end":{"line":256,"column":2},"skip":true},"56":{"start":{"line":258,"column":8},"end":{"line":286,"column":9},"skip":true},"57":{"start":{"line":259,"column":12},"end":{"line":269,"column":14},"skip":true},"58":{"start":{"line":271,"column":12},"end":{"line":285,"column":19},"skip":true},"59":{"start":{"line":274,"column":20},"end":{"line":274,"column":35},"skip":true},"60":{"start":{"line":275,"column":20},"end":{"line":284,"column":21},"skip":true},"61":{"start":{"line":277,"column":24},"end":{"line":277,"column":64},"skip":true},"62":{"start":{"line":279,"column":24},"end":{"line":279,"column":40},"skip":true},"63":{"start":{"line":281,"column":24},"end":{"line":281,"column":40},"skip":true},"64":{"start":{"line":283,"column":24},"end":{"line":283,"column":39},"skip":true},"65":{"start":{"line":288,"column":8},"end":{"line":290,"column":9},"skip":true},"66":{"start":{"line":289,"column":12},"end":{"line":289,"column":18},"skip":true},"67":{"start":{"line":291,"column":8},"end":{"line":293,"column":54},"skip":true},"68":{"start":{"line":296,"column":8},"end":{"line":301,"column":37},"skip":true},"69":{"start":{"line":303,"column":8},"end":{"line":303,"column":82},"skip":true},"70":{"start":{"line":306,"column":8},"end":{"line":308,"column":9},"skip":true},"71":{"start":{"line":307,"column":12},"end":{"line":307,"column":82},"skip":true},"72":{"start":{"line":310,"column":8},"end":{"line":312,"column":9},"skip":true},"73":{"start":{"line":311,"column":12},"end":{"line":311,"column":18},"skip":true},"74":{"start":{"line":313,"column":8},"end":{"line":313,"column":54},"skip":true},"75":{"start":{"line":314,"column":8},"end":{"line":314,"column":69},"skip":true},"76":{"start":{"line":315,"column":8},"end":{"line":323,"column":36},"skip":true},"77":{"start":{"line":316,"column":12},"end":{"line":316,"column":61},"skip":true},"78":{"start":{"line":317,"column":12},"end":{"line":320,"column":13},"skip":true},"79":{"start":{"line":318,"column":16},"end":{"line":318,"column":75},"skip":true},"80":{"start":{"line":319,"column":16},"end":{"line":319,"column":23},"skip":true},"81":{"start":{"line":321,"column":12},"end":{"line":321,"column":38},"skip":true},"82":{"start":{"line":322,"column":12},"end":{"line":322,"column":27},"skip":true},"83":{"start":{"line":324,"column":8},"end":{"line":324,"column":14},"skip":true}},"branchMap":{"1":{"line":39,"type":"binary-expr","locations":[{"start":{"line":39,"column":23},"end":{"line":39,"column":62}},{"start":{"line":40,"column":20},"end":{"line":40,"column":70}},{"start":{"line":41,"column":20},"end":{"line":41,"column":71}},{"start":{"line":42,"column":20},"end":{"line":42,"column":29}}]},"2":{"line":44,"type":"binary-expr","locations":[{"start":{"line":44,"column":23},"end":{"line":44,"column":37}},{"start":{"line":45,"column":20},"end":{"line":45,"column":61}},{"start":{"line":46,"column":20},"end":{"line":46,"column":70}},{"start":{"line":47,"column":20},"end":{"line":47,"column":26}}]},"3":{"line":51,"type":"cond-expr","locations":[{"start":{"line":52,"column":14},"end":{"line":52,"column":20}},{"start":{"line":53,"column":14},"end":{"line":53,"column":20}}]},"4":{"line":55,"type":"binary-expr","locations":[{"start":{"line":55,"column":16},"end":{"line":55,"column":44}},{"start":{"line":55,"column":49},"end":{"line":57,"column":43}}]},"5":{"line":55,"type":"cond-expr","locations":[{"start":{"line":56,"column":14},"end":{"line":56,"column":60}},{"start":{"line":57,"column":14},"end":{"line":57,"column":43}}]},"6":{"line":61,"type":"switch","locations":[{"start":{"line":68,"column":4},"end":{"line":150,"column":14},"skip":true},{"start":{"line":156,"column":4},"end":{"line":324,"column":14},"skip":true}]},"7":{"line":70,"type":"if","locations":[{"start":{"line":70,"column":12},"end":{"line":70,"column":12},"skip":true},{"start":{"line":70,"column":12},"end":{"line":70,"column":12},"skip":true}]},"8":{"line":70,"type":"binary-expr","locations":[{"start":{"line":70,"column":16},"end":{"line":70,"column":22},"skip":true},{"start":{"line":70,"column":27},"end":{"line":70,"column":32},"skip":true},{"start":{"line":71,"column":20},"end":{"line":71,"column":39},"skip":true},{"start":{"line":72,"column":20},"end":{"line":72,"column":49},"skip":true},{"start":{"line":73,"column":20},"end":{"line":73,"column":58},"skip":true},{"start":{"line":74,"column":20},"end":{"line":74,"column":69},"skip":true}]},"9":{"line":79,"type":"switch","locations":[{"start":{"line":80,"column":20},"end":{"line":80,"column":33},"skip":true},{"start":{"line":81,"column":20},"end":{"line":83,"column":30},"skip":true},{"start":{"line":84,"column":20},"end":{"line":85,"column":49},"skip":true}]},"10":{"line":89,"type":"switch","locations":[{"start":{"line":90,"column":12},"end":{"line":103,"column":22},"skip":true},{"start":{"line":105,"column":12},"end":{"line":106,"column":22},"skip":true}]},"11":{"line":89,"type":"binary-expr","locations":[{"start":{"line":89,"column":20},"end":{"line":89,"column":25},"skip":true},{"start":{"line":89,"column":29},"end":{"line":89,"column":48},"skip":true},{"start":{"line":89,"column":52},"end":{"line":89,"column":74},"skip":true}]},"12":{"line":92,"type":"if","locations":[{"start":{"line":92,"column":16},"end":{"line":92,"column":16},"skip":true},{"start":{"line":92,"column":16},"end":{"line":92,"column":16},"skip":true}]},"13":{"line":108,"type":"if","locations":[{"start":{"line":108,"column":12},"end":{"line":108,"column":12},"skip":true},{"start":{"line":108,"column":12},"end":{"line":108,"column":12},"skip":true}]},"14":{"line":108,"type":"binary-expr","locations":[{"start":{"line":108,"column":16},"end":{"line":108,"column":61},"skip":true},{"start":{"line":108,"column":66},"end":{"line":108,"column":72},"skip":true},{"start":{"line":108,"column":77},"end":{"line":108,"column":82},"skip":true},{"start":{"line":109,"column":20},"end":{"line":109,"column":39},"skip":true},{"start":{"line":110,"column":20},"end":{"line":110,"column":49},"skip":true},{"start":{"line":111,"column":20},"end":{"line":111,"column":58},"skip":true},{"start":{"line":112,"column":20},"end":{"line":112,"column":68},"skip":true}]},"15":{"line":129,"type":"if","locations":[{"start":{"line":129,"column":16},"end":{"line":129,"column":16},"skip":true},{"start":{"line":129,"column":16},"end":{"line":129,"column":16},"skip":true}]},"16":{"line":134,"type":"cond-expr","locations":[{"start":{"line":135,"column":26},"end":{"line":135,"column":29},"skip":true},{"start":{"line":136,"column":26},"end":{"line":136,"column":54},"skip":true}]},"17":{"line":164,"type":"binary-expr","locations":[{"start":{"line":164,"column":27},"end":{"line":164,"column":43},"skip":true},{"start":{"line":164,"column":47},"end":{"line":164,"column":49},"skip":true}]},"18":{"line":258,"type":"if","locations":[{"start":{"line":258,"column":8},"end":{"line":258,"column":8},"skip":true},{"start":{"line":258,"column":8},"end":{"line":258,"column":8},"skip":true}]},"19":{"line":275,"type":"switch","locations":[{"start":{"line":276,"column":20},"end":{"line":277,"column":64},"skip":true},{"start":{"line":278,"column":20},"end":{"line":279,"column":40},"skip":true},{"start":{"line":280,"column":20},"end":{"line":281,"column":40},"skip":true},{"start":{"line":282,"column":20},"end":{"line":283,"column":39},"skip":true}]},"20":{"line":288,"type":"if","locations":[{"start":{"line":288,"column":8},"end":{"line":288,"column":8},"skip":true},{"start":{"line":288,"column":8},"end":{"line":288,"column":8},"skip":true}]},"21":{"line":288,"type":"binary-expr","locations":[{"start":{"line":288,"column":12},"end":{"line":288,"column":40},"skip":true},{"start":{"line":288,"column":44},"end":{"line":288,"column":67},"skip":true}]},"22":{"line":292,"type":"binary-expr","locations":[{"start":{"line":292,"column":12},"end":{"line":292,"column":50},"skip":true},{"start":{"line":293,"column":12},"end":{"line":293,"column":53},"skip":true}]},"23":{"line":297,"type":"binary-expr","locations":[{"start":{"line":297,"column":12},"end":{"line":297,"column":74},"skip":true},{"start":{"line":298,"column":12},"end":{"line":301,"column":36},"skip":true}]},"24":{"line":303,"type":"binary-expr","locations":[{"start":{"line":303,"column":43},"end":{"line":303,"column":75},"skip":true},{"start":{"line":303,"column":79},"end":{"line":303,"column":81},"skip":true}]},"25":{"line":306,"type":"if","locations":[{"start":{"line":306,"column":8},"end":{"line":306,"column":8},"skip":true},{"start":{"line":306,"column":8},"end":{"line":306,"column":8},"skip":true}]},"26":{"line":310,"type":"if","locations":[{"start":{"line":310,"column":8},"end":{"line":310,"column":8},"skip":true},{"start":{"line":310,"column":8},"end":{"line":310,"column":8},"skip":true}]},"27":{"line":313,"type":"binary-expr","locations":[{"start":{"line":313,"column":27},"end":{"line":313,"column":43},"skip":true},{"start":{"line":313,"column":47},"end":{"line":313,"column":53},"skip":true}]},"28":{"line":317,"type":"if","locations":[{"start":{"line":317,"column":12},"end":{"line":317,"column":12},"skip":true},{"start":{"line":317,"column":12},"end":{"line":317,"column":12},"skip":true}]}},"code":["/*","example.js","","quickstart example","","instruction","    1. save this script as example.js","    2. run the shell command:","        $ npm install npmtest-angular2-toaster && PORT=8081 node example.js","    3. play with the browser-demo on http://127.0.0.1:8081","*/","","","","/* istanbul instrument in package npmtest_angular2_toaster */","/*jslint","    bitwise: true,","    browser: true,","    maxerr: 8,","    maxlen: 96,","    node: true,","    nomen: true,","    regexp: true,","    stupid: true","*/","(function () {","    'use strict';","    var local;","","","","    // run shared js-env code - pre-init","    (function () {","        // init local","        local = {};","        // init modeJs","        local.modeJs = (function () {","            try {","                return typeof navigator.userAgent === 'string' &&","                    typeof document.querySelector('body') === 'object' &&","                    typeof XMLHttpRequest.prototype.open === 'function' &&","                    'browser';","            } catch (errorCaughtBrowser) {","                return module.exports &&","                    typeof process.versions.node === 'string' &&","                    typeof require('http').createServer === 'function' &&","                    'node';","            }","        }());","        // init global","        local.global = local.modeJs === 'browser'","            ? window","            : global;","        // init utility2_rollup","        local = local.global.utility2_rollup || (local.modeJs === 'browser'","            ? local.global.utility2_npmtest_angular2_toaster","            : global.utility2_moduleExports);","        // export local","        local.global.local = local;","    }());","    switch (local.modeJs) {","","","","    // post-init","    // run browser js-env code - post-init","    /* istanbul ignore next */","    case 'browser':","        local.testRunBrowser = function (event) {","            if (!event || (event &&","                    event.currentTarget &&","                    event.currentTarget.className &&","                    event.currentTarget.className.includes &&","                    event.currentTarget.className.includes('onreset'))) {","                // reset output","                Array.from(","                    document.querySelectorAll('body > .resettable')","                ).forEach(function (element) {","                    switch (element.tagName) {","                    case 'INPUT':","                    case 'TEXTAREA':","                        element.value = '';","                        break;","                    default:","                        element.textContent = '';","                    }","                });","            }","            switch (event && event.currentTarget && event.currentTarget.id) {","            case 'testRunButton1':","                // show tests","                if (document.querySelector('#testReportDiv1').style.display === 'none') {","                    document.querySelector('#testReportDiv1').style.display = 'block';","                    document.querySelector('#testRunButton1').textContent =","                        'hide internal test';","                    local.modeTest = true;","                    local.testRunDefault(local);","                // hide tests","                } else {","                    document.querySelector('#testReportDiv1').style.display = 'none';","                    document.querySelector('#testRunButton1').textContent = 'run internal test';","                }","                break;","            // custom-case","            default:","                break;","            }","            if (document.querySelector('#inputTextareaEval1') && (!event || (event &&","                    event.currentTarget &&","                    event.currentTarget.className &&","                    event.currentTarget.className.includes &&","                    event.currentTarget.className.includes('oneval')))) {","                // try to eval input-code","                try {","                    /*jslint evil: true*/","                    eval(document.querySelector('#inputTextareaEval1').value);","                } catch (errorCaught) {","                    console.error(errorCaught);","                }","            }","        };","        // log stderr and stdout to #outputTextareaStdout1","        ['error', 'log'].forEach(function (key) {","            console[key + '_original'] = console[key];","            console[key] = function () {","                var element;","                console[key + '_original'].apply(console, arguments);","                element = document.querySelector('#outputTextareaStdout1');","                if (!element) {","                    return;","                }","                // append text to #outputTextareaStdout1","                element.value += Array.from(arguments).map(function (arg) {","                    return typeof arg === 'string'","                        ? arg","                        : JSON.stringify(arg, null, 4);","                }).join(' ') + '\\n';","                // scroll textarea to bottom","                element.scrollTop = element.scrollHeight;","            };","        });","        // init event-handling","        ['change', 'click', 'keyup'].forEach(function (event) {","            Array.from(document.querySelectorAll('.on' + event)).forEach(function (element) {","                element.addEventListener(event, local.testRunBrowser);","            });","        });","        // run tests","        local.testRunBrowser();","        break;","","","","    // run node js-env code - post-init","    /* istanbul ignore next */","    case 'node':","        // export local","        module.exports = local;","        // require modules","        local.fs = require('fs');","        local.http = require('http');","        local.url = require('url');","        // init assets","        local.assetsDict = local.assetsDict || {};","        /* jslint-ignore-begin */","        local.assetsDict['/assets.index.template.html'] = '\\","<!doctype html>\\n\\","<html lang=\"en\">\\n\\","<head>\\n\\","<meta charset=\"UTF-8\">\\n\\","<meta name=\"viewport\" content=\"width=device-width, initial-scale=1\">\\n\\","<title>{{env.npm_package_name}} (v{{env.npm_package_version}})</title>\\n\\","<style>\\n\\","/*csslint\\n\\","    box-sizing: false,\\n\\","    universal-selector: false\\n\\","*/\\n\\","* {\\n\\","    box-sizing: border-box;\\n\\","}\\n\\","body {\\n\\","    background: #dde;\\n\\","    font-family: Arial, Helvetica, sans-serif;\\n\\","    margin: 2rem;\\n\\","}\\n\\","body > * {\\n\\","    margin-bottom: 1rem;\\n\\","}\\n\\",".utility2FooterDiv {\\n\\","    margin-top: 20px;\\n\\","    text-align: center;\\n\\","}\\n\\","</style>\\n\\","<style>\\n\\","/*csslint\\n\\","*/\\n\\","textarea {\\n\\","    font-family: monospace;\\n\\","    height: 10rem;\\n\\","    width: 100%;\\n\\","}\\n\\","textarea[readonly] {\\n\\","    background: #ddd;\\n\\","}\\n\\","</style>\\n\\","</head>\\n\\","<body>\\n\\","<!-- utility2-comment\\n\\","<div id=\"ajaxProgressDiv1\" style=\"background: #d00; height: 2px; left: 0; margin: 0; padding: 0; position: fixed; top: 0; transition: background 0.5s, width 1.5s; width: 25%;\"></div>\\n\\","utility2-comment -->\\n\\","<h1>\\n\\","<!-- utility2-comment\\n\\","    <a\\n\\","        {{#if env.npm_package_homepage}}\\n\\","        href=\"{{env.npm_package_homepage}}\"\\n\\","        {{/if env.npm_package_homepage}}\\n\\","        target=\"_blank\"\\n\\","    >\\n\\","utility2-comment -->\\n\\","        {{env.npm_package_name}} (v{{env.npm_package_version}})\\n\\","<!-- utility2-comment\\n\\","    </a>\\n\\","utility2-comment -->\\n\\","</h1>\\n\\","<h3>{{env.npm_package_description}}</h3>\\n\\","<!-- utility2-comment\\n\\","<h4><a download href=\"assets.app.js\">download standalone app</a></h4>\\n\\","<button class=\"onclick onreset\" id=\"testRunButton1\">run internal test</button><br>\\n\\","<div id=\"testReportDiv1\" style=\"display: none;\"></div>\\n\\","utility2-comment -->\\n\\","\\n\\","\\n\\","\\n\\","<label>stderr and stdout</label>\\n\\","<textarea class=\"resettable\" id=\"outputTextareaStdout1\" readonly></textarea>\\n\\","<!-- utility2-comment\\n\\","{{#if isRollup}}\\n\\","<script src=\"assets.app.js\"></script>\\n\\","{{#unless isRollup}}\\n\\","utility2-comment -->\\n\\","<script src=\"assets.utility2.rollup.js\"></script>\\n\\","<script src=\"jsonp.utility2._stateInit?callback=window.utility2._stateInit\"></script>\\n\\","<script src=\"assets.npmtest_angular2_toaster.rollup.js\"></script>\\n\\","<script src=\"assets.example.js\"></script>\\n\\","<script src=\"assets.test.js\"></script>\\n\\","<!-- utility2-comment\\n\\","{{/if isRollup}}\\n\\","utility2-comment -->\\n\\","<div class=\"utility2FooterDiv\">\\n\\","    [ this app was created with\\n\\","    <a href=\"https://github.com/kaizhu256/node-utility2\" target=\"_blank\">utility2</a>\\n\\","    ]\\n\\","</div>\\n\\","</body>\\n\\","</html>\\n\\","';","        /* jslint-ignore-end */","        if (local.templateRender) {","            local.assetsDict['/'] = local.templateRender(","                local.assetsDict['/assets.index.template.html'],","                {","                    env: local.objectSetDefault(local.env, {","                        npm_package_description: 'the greatest app in the world!',","                        npm_package_name: 'my-app',","                        npm_package_nameAlias: 'my_app',","                        npm_package_version: '0.0.1'","                    })","                }","            );","        } else {","            local.assetsDict['/'] = local.assetsDict['/assets.index.template.html']","                .replace((/\\{\\{env\\.(\\w+?)\\}\\}/g), function (match0, match1) {","                    // jslint-hack","                    String(match0);","                    switch (match1) {","                    case 'npm_package_description':","                        return 'the greatest app in the world!';","                    case 'npm_package_name':","                        return 'my-app';","                    case 'npm_package_nameAlias':","                        return 'my_app';","                    case 'npm_package_version':","                        return '0.0.1';","                    }","                });","        }","        // run the cli","        if (local.global.utility2_rollup || module !== require.main) {","            break;","        }","        local.assetsDict['/assets.example.js'] =","            local.assetsDict['/assets.example.js'] ||","            local.fs.readFileSync(__filename, 'utf8');","        // bug-workaround - long $npm_package_buildCustomOrg","        /* jslint-ignore-begin */","        local.assetsDict['/assets.npmtest_angular2_toaster.rollup.js'] =","            local.assetsDict['/assets.npmtest_angular2_toaster.rollup.js'] ||","            local.fs.readFileSync(","                local.npmtest_angular2_toaster.__dirname + '/lib.npmtest_angular2_toaster.js',","                'utf8'","            ).replace((/^#!/), '//');","        /* jslint-ignore-end */","        local.assetsDict['/favicon.ico'] = local.assetsDict['/favicon.ico'] || '';","        // if $npm_config_timeout_exit exists,","        // then exit this process after $npm_config_timeout_exit ms","        if (Number(process.env.npm_config_timeout_exit)) {","            setTimeout(process.exit, Number(process.env.npm_config_timeout_exit));","        }","        // start server","        if (local.global.utility2_serverHttp1) {","            break;","        }","        process.env.PORT = process.env.PORT || '8081';","        console.error('server starting on port ' + process.env.PORT);","        local.http.createServer(function (request, response) {","            request.urlParsed = local.url.parse(request.url);","            if (local.assetsDict[request.urlParsed.pathname] !== undefined) {","                response.end(local.assetsDict[request.urlParsed.pathname]);","                return;","            }","            response.statusCode = 404;","            response.end();","        }).listen(process.env.PORT);","        break;","    }","}());",""],"l":{"26":2,"28":2,"33":2,"35":2,"37":2,"38":2,"39":2,"44":1,"51":2,"55":2,"59":2,"61":2,"69":1,"70":2,"76":2,"79":2,"82":2,"83":2,"85":1,"89":2,"92":1,"93":1,"94":1,"96":1,"97":1,"100":1,"101":1,"103":1,"106":1,"108":2,"114":1,"116":1,"118":1,"123":1,"124":2,"125":2,"126":3,"127":3,"128":3,"129":3,"130":1,"133":3,"134":3,"139":3,"143":1,"144":3,"145":1,"149":1,"150":1,"158":1,"160":1,"161":1,"162":1,"164":1,"166":1,"258":1,"259":1,"271":1,"274":6,"275":6,"277":1,"279":2,"281":1,"283":2,"288":1,"289":1,"291":1,"296":1,"303":1,"306":1,"307":1,"310":1,"311":1,"313":1,"314":1,"315":1,"316":1,"317":1,"318":1,"319":1,"321":1,"322":1,"324":1}},"/home/travis/build/npmtest/node-npmtest-angular2-toaster/node_modules/angular2-toaster/bundles/angular2-toaster.umd.js":{"path":"/home/travis/build/npmtest/node-npmtest-angular2-toaster/node_modules/angular2-toaster/bundles/angular2-toaster.umd.js","s":{"1":2,"2":2,"3":0,"4":0,"5":0,"6":0,"7":0,"8":1,"9":0,"10":0,"11":0,"12":0,"13":0,"14":0,"15":0,"16":0,"17":0,"18":0,"19":0,"20":0,"21":0,"22":0,"23":0,"24":0,"25":0,"26":0,"27":0,"28":0,"29":0,"30":0,"31":0,"32":1,"33":0,"34":0,"35":0,"36":0,"37":0,"38":0,"39":0,"40":0,"41":0,"42":0,"43":0,"44":0,"45":0,"46":0,"47":0,"48":0,"49":0,"50":0,"51":0,"52":0,"53":0,"54":1,"55":0,"56":0,"57":0,"58":0,"59":0,"60":0,"61":0,"62":0,"63":0,"64":0,"65":0,"66":0,"67":0,"68":0,"69":0,"70":0,"71":0,"72":0,"73":0,"74":0,"75":0,"76":0,"77":0,"78":0,"79":0,"80":0,"81":0,"82":1,"83":0,"84":0,"85":0,"86":0,"87":0,"88":0,"89":1,"90":0,"91":0,"92":0,"93":0,"94":0,"95":0,"96":0,"97":0,"98":0,"99":0,"100":0,"101":0,"102":0,"103":0,"104":0,"105":0,"106":0,"107":0,"108":0,"109":0,"110":0,"111":0,"112":0,"113":0,"114":0,"115":0,"116":0,"117":0,"118":0,"119":0,"120":0,"121":0,"122":0,"123":0,"124":0,"125":0,"126":0,"127":0,"128":0,"129":0,"130":0,"131":0,"132":0,"133":0,"134":0,"135":0,"136":0,"137":0,"138":0,"139":0,"140":0,"141":0,"142":0,"143":0,"144":0,"145":0,"146":0,"147":0,"148":0,"149":0,"150":0,"151":0,"152":0,"153":0,"154":0,"155":0,"156":0,"157":0,"158":0,"159":0,"160":0,"161":0,"162":0,"163":0,"164":0,"165":0,"166":0,"167":0,"168":0,"169":0,"170":0,"171":0,"172":0,"173":0,"174":0,"175":0,"176":0,"177":0,"178":0,"179":0,"180":0,"181":0,"182":0,"183":0,"184":0,"185":0,"186":0,"187":0,"188":0,"189":0,"190":0,"191":0,"192":0,"193":0,"194":0,"195":0,"196":0,"197":0,"198":0,"199":0,"200":0,"201":0,"202":0,"203":0,"204":0,"205":1,"206":0,"207":0,"208":0,"209":0,"210":0,"211":0,"212":0,"213":0,"214":0,"215":0},"b":{"1":[2,0],"2":[2,2],"3":[0,0],"4":[0,0],"5":[0,0],"6":[0,0],"7":[0,0],"8":[0,0],"9":[0,0],"10":[0,0],"11":[0,0],"12":[0,0],"13":[0,0],"14":[0,0],"15":[0,0],"16":[0,0],"17":[0,0],"18":[0,0],"19":[0,0],"20":[0,0],"21":[0,0],"22":[0,0],"23":[0,0],"24":[0,0],"25":[0,0],"26":[0,0],"27":[0,0],"28":[0,0],"29":[0,0],"30":[0,0],"31":[0,0],"32":[0,0],"33":[0,0],"34":[0,0,0],"35":[0,0],"36":[0,0],"37":[0,0],"38":[0,0],"39":[0,0],"40":[0,0],"41":[0,0],"42":[0,0],"43":[0,0],"44":[0,0,0],"45":[0,0],"46":[0,0],"47":[0,0],"48":[0,0],"49":[0,0],"50":[0,0],"51":[0,0],"52":[0,0],"53":[0,0],"54":[0,0],"55":[0,0],"56":[0,0],"57":[0,0],"58":[0,0],"59":[0,0],"60":[0,0],"61":[0,0],"62":[0,0],"63":[0,0],"64":[0,0],"65":[0,0],"66":[0,0],"67":[0,0],"68":[0,0],"69":[0,0],"70":[0,0],"71":[0,0],"72":[0,0],"73":[0,0],"74":[0,0]},"f":{"1":2,"2":0,"3":0,"4":0,"5":0,"6":0,"7":0,"8":0,"9":0,"10":0,"11":0,"12":0,"13":0,"14":0,"15":0,"16":0,"17":0,"18":0,"19":0,"20":0,"21":0,"22":0,"23":0,"24":0,"25":0,"26":0,"27":0,"28":0,"29":0,"30":0,"31":0,"32":0,"33":0,"34":0,"35":0,"36":0,"37":0,"38":0,"39":0,"40":0,"41":0,"42":0,"43":0,"44":0,"45":0,"46":0,"47":0,"48":0,"49":0,"50":0},"fnMap":{"1":{"name":"(anonymous_1)","line":1,"loc":{"start":{"line":1,"column":1},"end":{"line":1,"column":28}}},"2":{"name":"(anonymous_2)","line":5,"loc":{"start":{"line":5,"column":9},"end":{"line":5,"column":136}}},"3":{"name":"(anonymous_3)","line":7,"loc":{"start":{"line":7,"column":1},"end":{"line":7,"column":27}}},"4":{"name":"(anonymous_4)","line":13,"loc":{"start":{"line":13,"column":22},"end":{"line":13,"column":34}}},"5":{"name":"ToastComponent","line":14,"loc":{"start":{"line":14,"column":4},"end":{"line":14,"column":84}}},"6":{"name":"(anonymous_6)","line":21,"loc":{"start":{"line":21,"column":40},"end":{"line":21,"column":52}}},"7":{"name":"(anonymous_7)","line":26,"loc":{"start":{"line":26,"column":47},"end":{"line":26,"column":59}}},"8":{"name":"(anonymous_8)","line":34,"loc":{"start":{"line":34,"column":37},"end":{"line":34,"column":61}}},"9":{"name":"(anonymous_9)","line":50,"loc":{"start":{"line":50,"column":32},"end":{"line":50,"column":44}}},"10":{"name":"(anonymous_10)","line":61,"loc":{"start":{"line":61,"column":21},"end":{"line":61,"column":33}}},"11":{"name":"ToasterConfig","line":62,"loc":{"start":{"line":62,"column":4},"end":{"line":62,"column":44}}},"12":{"name":"(anonymous_12)","line":98,"loc":{"start":{"line":98,"column":22},"end":{"line":98,"column":34}}},"13":{"name":"ToasterService","line":102,"loc":{"start":{"line":102,"column":4},"end":{"line":102,"column":30}}},"14":{"name":"(anonymous_14)","line":104,"loc":{"start":{"line":104,"column":55},"end":{"line":104,"column":75}}},"15":{"name":"(anonymous_15)","line":105,"loc":{"start":{"line":105,"column":58},"end":{"line":105,"column":78}}},"16":{"name":"(anonymous_16)","line":118,"loc":{"start":{"line":118,"column":35},"end":{"line":118,"column":64}}},"17":{"name":"(anonymous_17)","line":137,"loc":{"start":{"line":137,"column":40},"end":{"line":137,"column":69}}},"18":{"name":"(anonymous_18)","line":139,"loc":{"start":{"line":139,"column":19},"end":{"line":139,"column":31}}},"19":{"name":"(anonymous_19)","line":151,"loc":{"start":{"line":151,"column":37},"end":{"line":151,"column":74}}},"20":{"name":"(anonymous_20)","line":163,"loc":{"start":{"line":163,"column":32},"end":{"line":163,"column":44}}},"21":{"name":"(anonymous_21)","line":165,"loc":{"start":{"line":165,"column":12},"end":{"line":165,"column":24}}},"22":{"name":"Guid","line":166,"loc":{"start":{"line":166,"column":4},"end":{"line":166,"column":20}}},"23":{"name":"(anonymous_23)","line":168,"loc":{"start":{"line":168,"column":19},"end":{"line":168,"column":31}}},"24":{"name":"(anonymous_24)","line":169,"loc":{"start":{"line":169,"column":71},"end":{"line":169,"column":84}}},"25":{"name":"(anonymous_25)","line":177,"loc":{"start":{"line":177,"column":33},"end":{"line":177,"column":45}}},"26":{"name":"ToasterContainerComponent","line":178,"loc":{"start":{"line":178,"column":4},"end":{"line":178,"column":60}}},"27":{"name":"(anonymous_27)","line":183,"loc":{"start":{"line":183,"column":51},"end":{"line":183,"column":63}}},"28":{"name":"(anonymous_28)","line":190,"loc":{"start":{"line":190,"column":48},"end":{"line":190,"column":80}}},"29":{"name":"(anonymous_29)","line":207,"loc":{"start":{"line":207,"column":53},"end":{"line":207,"column":71}}},"30":{"name":"(anonymous_30)","line":210,"loc":{"start":{"line":210,"column":52},"end":{"line":210,"column":69}}},"31":{"name":"(anonymous_31)","line":218,"loc":{"start":{"line":218,"column":55},"end":{"line":218,"column":72}}},"32":{"name":"(anonymous_32)","line":229,"loc":{"start":{"line":229,"column":62},"end":{"line":229,"column":74}}},"33":{"name":"(anonymous_33)","line":231,"loc":{"start":{"line":231,"column":73},"end":{"line":231,"column":90}}},"34":{"name":"(anonymous_34)","line":234,"loc":{"start":{"line":234,"column":79},"end":{"line":234,"column":103}}},"35":{"name":"(anonymous_35)","line":238,"loc":{"start":{"line":238,"column":51},"end":{"line":238,"column":68}}},"36":{"name":"(anonymous_36)","line":247,"loc":{"start":{"line":247,"column":50},"end":{"line":247,"column":63}}},"37":{"name":"(anonymous_37)","line":250,"loc":{"start":{"line":250,"column":38},"end":{"line":250,"column":51}}},"38":{"name":"(anonymous_38)","line":283,"loc":{"start":{"line":283,"column":57},"end":{"line":283,"column":74}}},"39":{"name":"(anonymous_39)","line":290,"loc":{"start":{"line":290,"column":48},"end":{"line":290,"column":60}}},"40":{"name":"(anonymous_40)","line":296,"loc":{"start":{"line":296,"column":58},"end":{"line":296,"column":70}}},"41":{"name":"(anonymous_41)","line":299,"loc":{"start":{"line":299,"column":54},"end":{"line":299,"column":71}}},"42":{"name":"(anonymous_42)","line":312,"loc":{"start":{"line":312,"column":58},"end":{"line":312,"column":70}}},"43":{"name":"(anonymous_43)","line":317,"loc":{"start":{"line":317,"column":54},"end":{"line":317,"column":78}}},"44":{"name":"(anonymous_44)","line":327,"loc":{"start":{"line":327,"column":60},"end":{"line":327,"column":79}}},"45":{"name":"(anonymous_45)","line":329,"loc":{"start":{"line":329,"column":48},"end":{"line":329,"column":61}}},"46":{"name":"(anonymous_46)","line":335,"loc":{"start":{"line":335,"column":54},"end":{"line":335,"column":66}}},"47":{"name":"(anonymous_47)","line":355,"loc":{"start":{"line":355,"column":43},"end":{"line":355,"column":55}}},"48":{"name":"(anonymous_48)","line":363,"loc":{"start":{"line":363,"column":21},"end":{"line":363,"column":33}}},"49":{"name":"ToasterModule","line":364,"loc":{"start":{"line":364,"column":4},"end":{"line":364,"column":29}}},"50":{"name":"(anonymous_50)","line":383,"loc":{"start":{"line":383,"column":31},"end":{"line":383,"column":43}}}},"statementMap":{"1":{"start":{"line":1,"column":0},"end":{"line":393,"column":5}},"2":{"start":{"line":2,"column":1},"end":{"line":4,"column":162}},"3":{"start":{"line":7,"column":0},"end":{"line":11,"column":60}},"4":{"start":{"line":8,"column":4},"end":{"line":8,"column":62}},"5":{"start":{"line":9,"column":4},"end":{"line":9,"column":70}},"6":{"start":{"line":10,"column":4},"end":{"line":10,"column":66}},"7":{"start":{"line":13,"column":0},"end":{"line":41,"column":5}},"8":{"start":{"line":14,"column":4},"end":{"line":20,"column":5}},"9":{"start":{"line":15,"column":8},"end":{"line":15,"column":35}},"10":{"start":{"line":16,"column":8},"end":{"line":16,"column":65}},"11":{"start":{"line":17,"column":8},"end":{"line":17,"column":51}},"12":{"start":{"line":18,"column":8},"end":{"line":18,"column":53}},"13":{"start":{"line":19,"column":8},"end":{"line":19,"column":59}},"14":{"start":{"line":21,"column":4},"end":{"line":25,"column":6}},"15":{"start":{"line":22,"column":8},"end":{"line":24,"column":9}},"16":{"start":{"line":23,"column":12},"end":{"line":23,"column":94}},"17":{"start":{"line":26,"column":4},"end":{"line":33,"column":6}},"18":{"start":{"line":27,"column":8},"end":{"line":32,"column":9}},"19":{"start":{"line":28,"column":12},"end":{"line":28,"column":99}},"20":{"start":{"line":29,"column":12},"end":{"line":29,"column":117}},"21":{"start":{"line":30,"column":12},"end":{"line":30,"column":58}},"22":{"start":{"line":31,"column":12},"end":{"line":31,"column":51}},"23":{"start":{"line":34,"column":4},"end":{"line":39,"column":6}},"24":{"start":{"line":35,"column":8},"end":{"line":35,"column":32}},"25":{"start":{"line":36,"column":8},"end":{"line":38,"column":11}},"26":{"start":{"line":40,"column":4},"end":{"line":40,"column":26}},"27":{"start":{"line":42,"column":0},"end":{"line":48,"column":2}},"28":{"start":{"line":50,"column":0},"end":{"line":54,"column":5}},"29":{"start":{"line":50,"column":46},"end":{"line":54,"column":2}},"30":{"start":{"line":55,"column":0},"end":{"line":59,"column":2}},"31":{"start":{"line":61,"column":0},"end":{"line":96,"column":5}},"32":{"start":{"line":62,"column":4},"end":{"line":94,"column":5}},"33":{"start":{"line":63,"column":8},"end":{"line":63,"column":48}},"34":{"start":{"line":64,"column":8},"end":{"line":64,"column":51}},"35":{"start":{"line":65,"column":8},"end":{"line":65,"column":103}},"36":{"start":{"line":66,"column":8},"end":{"line":66,"column":113}},"37":{"start":{"line":67,"column":8},"end":{"line":67,"column":122}},"38":{"start":{"line":68,"column":8},"end":{"line":68,"column":100}},"39":{"start":{"line":69,"column":8},"end":{"line":69,"column":88}},"40":{"start":{"line":70,"column":8},"end":{"line":76,"column":10}},"41":{"start":{"line":77,"column":8},"end":{"line":83,"column":10}},"42":{"start":{"line":84,"column":8},"end":{"line":84,"column":95}},"43":{"start":{"line":85,"column":8},"end":{"line":85,"column":83}},"44":{"start":{"line":86,"column":8},"end":{"line":86,"column":81}},"45":{"start":{"line":87,"column":8},"end":{"line":87,"column":80}},"46":{"start":{"line":88,"column":8},"end":{"line":88,"column":67}},"47":{"start":{"line":89,"column":8},"end":{"line":89,"column":70}},"48":{"start":{"line":90,"column":8},"end":{"line":90,"column":76}},"49":{"start":{"line":91,"column":8},"end":{"line":91,"column":119}},"50":{"start":{"line":92,"column":8},"end":{"line":92,"column":122}},"51":{"start":{"line":93,"column":8},"end":{"line":93,"column":115}},"52":{"start":{"line":95,"column":4},"end":{"line":95,"column":25}},"53":{"start":{"line":98,"column":0},"end":{"line":158,"column":5}},"54":{"start":{"line":102,"column":4},"end":{"line":108,"column":5}},"55":{"start":{"line":103,"column":8},"end":{"line":103,"column":25}},"56":{"start":{"line":104,"column":8},"end":{"line":104,"column":123}},"57":{"start":{"line":104,"column":77},"end":{"line":104,"column":111}},"58":{"start":{"line":105,"column":8},"end":{"line":105,"column":129}},"59":{"start":{"line":105,"column":80},"end":{"line":105,"column":117}},"60":{"start":{"line":106,"column":8},"end":{"line":106,"column":62}},"61":{"start":{"line":107,"column":8},"end":{"line":107,"column":60}},"62":{"start":{"line":118,"column":4},"end":{"line":126,"column":6}},"63":{"start":{"line":119,"column":8},"end":{"line":119,"column":95}},"64":{"start":{"line":120,"column":8},"end":{"line":120,"column":39}},"65":{"start":{"line":121,"column":8},"end":{"line":123,"column":9}},"66":{"start":{"line":122,"column":12},"end":{"line":122,"column":94}},"67":{"start":{"line":124,"column":8},"end":{"line":124,"column":35}},"68":{"start":{"line":125,"column":8},"end":{"line":125,"column":21}},"69":{"start":{"line":137,"column":4},"end":{"line":143,"column":6}},"70":{"start":{"line":138,"column":8},"end":{"line":138,"column":25}},"71":{"start":{"line":139,"column":8},"end":{"line":141,"column":14}},"72":{"start":{"line":140,"column":12},"end":{"line":140,"column":41}},"73":{"start":{"line":142,"column":8},"end":{"line":142,"column":29}},"74":{"start":{"line":151,"column":4},"end":{"line":156,"column":6}},"75":{"start":{"line":152,"column":8},"end":{"line":154,"column":10}},"76":{"start":{"line":155,"column":8},"end":{"line":155,"column":45}},"77":{"start":{"line":157,"column":4},"end":{"line":157,"column":26}},"78":{"start":{"line":159,"column":0},"end":{"line":161,"column":2}},"79":{"start":{"line":163,"column":0},"end":{"line":163,"column":59}},"80":{"start":{"line":163,"column":46},"end":{"line":163,"column":56}},"81":{"start":{"line":165,"column":0},"end":{"line":175,"column":5}},"82":{"start":{"line":166,"column":4},"end":{"line":167,"column":5}},"83":{"start":{"line":168,"column":4},"end":{"line":173,"column":6}},"84":{"start":{"line":169,"column":8},"end":{"line":172,"column":11}},"85":{"start":{"line":170,"column":12},"end":{"line":170,"column":79}},"86":{"start":{"line":171,"column":12},"end":{"line":171,"column":34}},"87":{"start":{"line":174,"column":4},"end":{"line":174,"column":16}},"88":{"start":{"line":177,"column":0},"end":{"line":344,"column":5}},"89":{"start":{"line":178,"column":4},"end":{"line":182,"column":5}},"90":{"start":{"line":179,"column":8},"end":{"line":179,"column":23}},"91":{"start":{"line":180,"column":8},"end":{"line":180,"column":25}},"92":{"start":{"line":181,"column":8},"end":{"line":181,"column":45}},"93":{"start":{"line":183,"column":4},"end":{"line":188,"column":6}},"94":{"start":{"line":184,"column":8},"end":{"line":184,"column":35}},"95":{"start":{"line":185,"column":8},"end":{"line":187,"column":9}},"96":{"start":{"line":186,"column":12},"end":{"line":186,"column":53}},"97":{"start":{"line":190,"column":4},"end":{"line":206,"column":6}},"98":{"start":{"line":191,"column":8},"end":{"line":205,"column":9}},"99":{"start":{"line":192,"column":12},"end":{"line":192,"column":35}},"100":{"start":{"line":193,"column":12},"end":{"line":201,"column":13}},"101":{"start":{"line":194,"column":16},"end":{"line":200,"column":17}},"102":{"start":{"line":195,"column":20},"end":{"line":195,"column":75}},"103":{"start":{"line":198,"column":20},"end":{"line":198,"column":87}},"104":{"start":{"line":199,"column":20},"end":{"line":199,"column":33}},"105":{"start":{"line":202,"column":12},"end":{"line":204,"column":13}},"106":{"start":{"line":203,"column":16},"end":{"line":203,"column":40}},"107":{"start":{"line":207,"column":4},"end":{"line":209,"column":6}},"108":{"start":{"line":208,"column":8},"end":{"line":208,"column":67}},"109":{"start":{"line":210,"column":4},"end":{"line":217,"column":6}},"110":{"start":{"line":211,"column":8},"end":{"line":216,"column":9}},"111":{"start":{"line":212,"column":12},"end":{"line":215,"column":13}},"112":{"start":{"line":213,"column":16},"end":{"line":213,"column":53}},"113":{"start":{"line":214,"column":16},"end":{"line":214,"column":39}},"114":{"start":{"line":218,"column":4},"end":{"line":227,"column":6}},"115":{"start":{"line":219,"column":8},"end":{"line":226,"column":9}},"116":{"start":{"line":220,"column":12},"end":{"line":222,"column":13}},"117":{"start":{"line":221,"column":16},"end":{"line":221,"column":43}},"118":{"start":{"line":224,"column":13},"end":{"line":226,"column":9}},"119":{"start":{"line":225,"column":12},"end":{"line":225,"column":36}},"120":{"start":{"line":229,"column":4},"end":{"line":237,"column":6}},"121":{"start":{"line":230,"column":8},"end":{"line":230,"column":25}},"122":{"start":{"line":231,"column":8},"end":{"line":233,"column":11}},"123":{"start":{"line":232,"column":12},"end":{"line":232,"column":34}},"124":{"start":{"line":234,"column":8},"end":{"line":236,"column":11}},"125":{"start":{"line":235,"column":12},"end":{"line":235,"column":44}},"126":{"start":{"line":238,"column":4},"end":{"line":282,"column":6}},"127":{"start":{"line":239,"column":8},"end":{"line":239,"column":49}},"128":{"start":{"line":240,"column":8},"end":{"line":242,"column":19}},"129":{"start":{"line":242,"column":12},"end":{"line":242,"column":19}},"130":{"start":{"line":243,"column":8},"end":{"line":245,"column":9}},"131":{"start":{"line":244,"column":12},"end":{"line":244,"column":61}},"132":{"start":{"line":246,"column":8},"end":{"line":253,"column":9}},"133":{"start":{"line":247,"column":12},"end":{"line":252,"column":13}},"134":{"start":{"line":247,"column":65},"end":{"line":247,"column":100}},"135":{"start":{"line":248,"column":16},"end":{"line":248,"column":23}},"136":{"start":{"line":250,"column":17},"end":{"line":252,"column":13}},"137":{"start":{"line":250,"column":53},"end":{"line":250,"column":82}},"138":{"start":{"line":251,"column":16},"end":{"line":251,"column":23}},"139":{"start":{"line":254,"column":8},"end":{"line":261,"column":9}},"140":{"start":{"line":255,"column":12},"end":{"line":260,"column":13}},"141":{"start":{"line":256,"column":16},"end":{"line":256,"column":87}},"142":{"start":{"line":258,"column":17},"end":{"line":260,"column":13}},"143":{"start":{"line":259,"column":16},"end":{"line":259,"column":75}},"144":{"start":{"line":262,"column":8},"end":{"line":264,"column":9}},"145":{"start":{"line":263,"column":12},"end":{"line":263,"column":78}},"146":{"start":{"line":265,"column":8},"end":{"line":265,"column":89}},"147":{"start":{"line":266,"column":8},"end":{"line":266,"column":35}},"148":{"start":{"line":267,"column":8},"end":{"line":278,"column":9}},"149":{"start":{"line":268,"column":12},"end":{"line":268,"column":39}},"150":{"start":{"line":269,"column":12},"end":{"line":271,"column":13}},"151":{"start":{"line":270,"column":16},"end":{"line":270,"column":34}},"152":{"start":{"line":274,"column":12},"end":{"line":274,"column":36}},"153":{"start":{"line":275,"column":12},"end":{"line":277,"column":13}},"154":{"start":{"line":276,"column":16},"end":{"line":276,"column":36}},"155":{"start":{"line":279,"column":8},"end":{"line":281,"column":9}},"156":{"start":{"line":280,"column":12},"end":{"line":280,"column":40}},"157":{"start":{"line":283,"column":4},"end":{"line":295,"column":6}},"158":{"start":{"line":284,"column":8},"end":{"line":284,"column":25}},"159":{"start":{"line":285,"column":8},"end":{"line":286,"column":57}},"160":{"start":{"line":287,"column":8},"end":{"line":288,"column":42}},"161":{"start":{"line":288,"column":12},"end":{"line":288,"column":42}},"162":{"start":{"line":289,"column":8},"end":{"line":294,"column":9}},"163":{"start":{"line":290,"column":12},"end":{"line":293,"column":24}},"164":{"start":{"line":291,"column":16},"end":{"line":291,"column":41}},"165":{"start":{"line":292,"column":16},"end":{"line":292,"column":41}},"166":{"start":{"line":296,"column":4},"end":{"line":298,"column":6}},"167":{"start":{"line":297,"column":8},"end":{"line":297,"column":89}},"168":{"start":{"line":299,"column":4},"end":{"line":311,"column":6}},"169":{"start":{"line":300,"column":8},"end":{"line":300,"column":47}},"170":{"start":{"line":301,"column":8},"end":{"line":302,"column":19}},"171":{"start":{"line":302,"column":12},"end":{"line":302,"column":19}},"172":{"start":{"line":303,"column":8},"end":{"line":303,"column":37}},"173":{"start":{"line":304,"column":8},"end":{"line":307,"column":9}},"174":{"start":{"line":305,"column":12},"end":{"line":305,"column":49}},"175":{"start":{"line":306,"column":12},"end":{"line":306,"column":35}},"176":{"start":{"line":308,"column":8},"end":{"line":309,"column":40}},"177":{"start":{"line":309,"column":12},"end":{"line":309,"column":40}},"178":{"start":{"line":310,"column":8},"end":{"line":310,"column":123}},"179":{"start":{"line":312,"column":4},"end":{"line":316,"column":6}},"180":{"start":{"line":313,"column":8},"end":{"line":315,"column":9}},"181":{"start":{"line":314,"column":12},"end":{"line":314,"column":45}},"182":{"start":{"line":317,"column":4},"end":{"line":326,"column":6}},"183":{"start":{"line":318,"column":8},"end":{"line":318,"column":43}},"184":{"start":{"line":319,"column":8},"end":{"line":319,"column":61}},"185":{"start":{"line":320,"column":8},"end":{"line":325,"column":9}},"186":{"start":{"line":321,"column":12},"end":{"line":321,"column":44}},"187":{"start":{"line":323,"column":13},"end":{"line":325,"column":9}},"188":{"start":{"line":324,"column":12},"end":{"line":324,"column":44}},"189":{"start":{"line":327,"column":4},"end":{"line":334,"column":6}},"190":{"start":{"line":328,"column":8},"end":{"line":333,"column":9}},"191":{"start":{"line":329,"column":12},"end":{"line":329,"column":100}},"192":{"start":{"line":329,"column":63},"end":{"line":329,"column":92}},"193":{"start":{"line":332,"column":12},"end":{"line":332,"column":35}},"194":{"start":{"line":335,"column":4},"end":{"line":342,"column":6}},"195":{"start":{"line":336,"column":8},"end":{"line":338,"column":9}},"196":{"start":{"line":337,"column":12},"end":{"line":337,"column":50}},"197":{"start":{"line":339,"column":8},"end":{"line":341,"column":9}},"198":{"start":{"line":340,"column":12},"end":{"line":340,"column":53}},"199":{"start":{"line":343,"column":4},"end":{"line":343,"column":37}},"200":{"start":{"line":345,"column":0},"end":{"line":353,"column":2}},"201":{"start":{"line":355,"column":0},"end":{"line":358,"column":5}},"202":{"start":{"line":355,"column":57},"end":{"line":358,"column":2}},"203":{"start":{"line":359,"column":0},"end":{"line":361,"column":2}},"204":{"start":{"line":363,"column":0},"end":{"line":367,"column":5}},"205":{"start":{"line":364,"column":4},"end":{"line":365,"column":5}},"206":{"start":{"line":366,"column":4},"end":{"line":366,"column":25}},"207":{"start":{"line":368,"column":0},"end":{"line":381,"column":2}},"208":{"start":{"line":383,"column":0},"end":{"line":383,"column":58}},"209":{"start":{"line":383,"column":45},"end":{"line":383,"column":55}},"210":{"start":{"line":385,"column":0},"end":{"line":385,"column":40}},"211":{"start":{"line":386,"column":0},"end":{"line":386,"column":62}},"212":{"start":{"line":387,"column":0},"end":{"line":387,"column":40}},"213":{"start":{"line":388,"column":0},"end":{"line":388,"column":38}},"214":{"start":{"line":389,"column":0},"end":{"line":389,"column":38}},"215":{"start":{"line":391,"column":0},"end":{"line":391,"column":62}}},"branchMap":{"1":{"line":2,"type":"cond-expr","locations":[{"start":{"line":2,"column":64},"end":{"line":2,"column":261}},{"start":{"line":3,"column":1},"end":{"line":4,"column":161}}]},"2":{"line":2,"type":"binary-expr","locations":[{"start":{"line":2,"column":1},"end":{"line":2,"column":28}},{"start":{"line":2,"column":32},"end":{"line":2,"column":61}}]},"3":{"line":3,"type":"cond-expr","locations":[{"start":{"line":3,"column":46},"end":{"line":3,"column":201}},{"start":{"line":4,"column":2},"end":{"line":4,"column":160}}]},"4":{"line":3,"type":"binary-expr","locations":[{"start":{"line":3,"column":1},"end":{"line":3,"column":29}},{"start":{"line":3,"column":33},"end":{"line":3,"column":43}}]},"5":{"line":4,"type":"binary-expr","locations":[{"start":{"line":4,"column":36},"end":{"line":4,"column":58}},{"start":{"line":4,"column":62},"end":{"line":4,"column":64}}]},"6":{"line":11,"type":"binary-expr","locations":[{"start":{"line":11,"column":3},"end":{"line":11,"column":25}},{"start":{"line":11,"column":30},"end":{"line":11,"column":57}}]},"7":{"line":22,"type":"if","locations":[{"start":{"line":22,"column":8},"end":{"line":22,"column":8}},{"start":{"line":22,"column":8},"end":{"line":22,"column":8}}]},"8":{"line":27,"type":"if","locations":[{"start":{"line":27,"column":8},"end":{"line":27,"column":8}},{"start":{"line":27,"column":8},"end":{"line":27,"column":8}}]},"9":{"line":63,"type":"binary-expr","locations":[{"start":{"line":63,"column":26},"end":{"line":63,"column":41}},{"start":{"line":63,"column":45},"end":{"line":63,"column":47}}]},"10":{"line":64,"type":"binary-expr","locations":[{"start":{"line":64,"column":21},"end":{"line":64,"column":42}},{"start":{"line":64,"column":46},"end":{"line":64,"column":50}}]},"11":{"line":65,"type":"cond-expr","locations":[{"start":{"line":65,"column":67},"end":{"line":65,"column":95}},{"start":{"line":65,"column":98},"end":{"line":65,"column":102}}]},"12":{"line":66,"type":"cond-expr","locations":[{"start":{"line":66,"column":73},"end":{"line":66,"column":104}},{"start":{"line":66,"column":107},"end":{"line":66,"column":112}}]},"13":{"line":67,"type":"binary-expr","locations":[{"start":{"line":67,"column":25},"end":{"line":67,"column":50}},{"start":{"line":67,"column":54},"end":{"line":67,"column":121}}]},"14":{"line":68,"type":"cond-expr","locations":[{"start":{"line":68,"column":65},"end":{"line":68,"column":92}},{"start":{"line":68,"column":95},"end":{"line":68,"column":99}}]},"15":{"line":69,"type":"cond-expr","locations":[{"start":{"line":69,"column":57},"end":{"line":69,"column":80}},{"start":{"line":69,"column":83},"end":{"line":69,"column":87}}]},"16":{"line":70,"type":"binary-expr","locations":[{"start":{"line":70,"column":27},"end":{"line":70,"column":54}},{"start":{"line":70,"column":58},"end":{"line":76,"column":9}}]},"17":{"line":77,"type":"binary-expr","locations":[{"start":{"line":77,"column":27},"end":{"line":77,"column":54}},{"start":{"line":77,"column":58},"end":{"line":83,"column":9}}]},"18":{"line":84,"type":"binary-expr","locations":[{"start":{"line":84,"column":30},"end":{"line":84,"column":60}},{"start":{"line":84,"column":64},"end":{"line":84,"column":94}}]},"19":{"line":85,"type":"binary-expr","locations":[{"start":{"line":85,"column":28},"end":{"line":85,"column":56}},{"start":{"line":85,"column":60},"end":{"line":85,"column":82}}]},"20":{"line":86,"type":"binary-expr","locations":[{"start":{"line":86,"column":32},"end":{"line":86,"column":64}},{"start":{"line":86,"column":68},"end":{"line":86,"column":80}}]},"21":{"line":87,"type":"binary-expr","locations":[{"start":{"line":87,"column":29},"end":{"line":87,"column":58}},{"start":{"line":87,"column":62},"end":{"line":87,"column":79}}]},"22":{"line":88,"type":"binary-expr","locations":[{"start":{"line":88,"column":30},"end":{"line":88,"column":60}},{"start":{"line":88,"column":64},"end":{"line":88,"column":66}}]},"23":{"line":89,"type":"binary-expr","locations":[{"start":{"line":89,"column":26},"end":{"line":89,"column":52}},{"start":{"line":89,"column":56},"end":{"line":89,"column":69}}]},"24":{"line":90,"type":"binary-expr","locations":[{"start":{"line":90,"column":28},"end":{"line":90,"column":56}},{"start":{"line":90,"column":60},"end":{"line":90,"column":75}}]},"25":{"line":91,"type":"cond-expr","locations":[{"start":{"line":91,"column":77},"end":{"line":91,"column":110}},{"start":{"line":91,"column":113},"end":{"line":91,"column":118}}]},"26":{"line":92,"type":"cond-expr","locations":[{"start":{"line":92,"column":79},"end":{"line":92,"column":113}},{"start":{"line":92,"column":116},"end":{"line":92,"column":121}}]},"27":{"line":93,"type":"cond-expr","locations":[{"start":{"line":93,"column":75},"end":{"line":93,"column":107}},{"start":{"line":93,"column":110},"end":{"line":93,"column":114}}]},"28":{"line":119,"type":"cond-expr","locations":[{"start":{"line":119,"column":47},"end":{"line":119,"column":87}},{"start":{"line":119,"column":90},"end":{"line":119,"column":94}}]},"29":{"line":121,"type":"if","locations":[{"start":{"line":121,"column":8},"end":{"line":121,"column":8}},{"start":{"line":121,"column":8},"end":{"line":121,"column":8}}]},"30":{"line":170,"type":"cond-expr","locations":[{"start":{"line":170,"column":59},"end":{"line":170,"column":60}},{"start":{"line":170,"column":64},"end":{"line":170,"column":77}}]},"31":{"line":185,"type":"if","locations":[{"start":{"line":185,"column":8},"end":{"line":185,"column":8}},{"start":{"line":185,"column":8},"end":{"line":185,"column":8}}]},"32":{"line":185,"type":"binary-expr","locations":[{"start":{"line":185,"column":12},"end":{"line":185,"column":39}},{"start":{"line":185,"column":43},"end":{"line":185,"column":84}}]},"33":{"line":191,"type":"if","locations":[{"start":{"line":191,"column":8},"end":{"line":191,"column":8}},{"start":{"line":191,"column":8},"end":{"line":191,"column":8}}]},"34":{"line":191,"type":"binary-expr","locations":[{"start":{"line":191,"column":12},"end":{"line":191,"column":43}},{"start":{"line":191,"column":48},"end":{"line":191,"column":69}},{"sta
[...]
t\"] = 0] = \"Default\";","    BodyOutputType[BodyOutputType[\"TrustedHtml\"] = 1] = \"TrustedHtml\";","    BodyOutputType[BodyOutputType[\"Component\"] = 2] = \"Component\";","})(exports.BodyOutputType || (exports.BodyOutputType = {}));","","var ToastComponent = (function () {","    function ToastComponent(sanitizer, componentFactoryResolver, changeDetectorRef) {","        this.sanitizer = sanitizer;","        this.componentFactoryResolver = componentFactoryResolver;","        this.changeDetectorRef = changeDetectorRef;","        this.bodyOutputType = exports.BodyOutputType;","        this.clickEvent = new _angular_core.EventEmitter();","    }","    ToastComponent.prototype.ngOnInit = function () {","        if (this.toast.closeHtml) {","            this.safeCloseHtml = this.sanitizer.bypassSecurityTrustHtml(this.toast.closeHtml);","        }","    };","    ToastComponent.prototype.ngAfterViewInit = function () {","        if (this.toast.bodyOutputType === this.bodyOutputType.Component) {","            var component = this.componentFactoryResolver.resolveComponentFactory(this.toast.body);","            var componentInstance = this.componentBody.createComponent(component, null, this.componentBody.injector);","            componentInstance.instance.toast = this.toast;","            this.changeDetectorRef.detectChanges();","        }","    };","    ToastComponent.prototype.click = function (event, toast) {","        event.stopPropagation();","        this.clickEvent.emit({","            value: { toast: toast, isCloseButton: true }","        });","    };","    return ToastComponent;","}());","ToastComponent.decorators = [","    { type: _angular_core.Component, args: [{","                selector: '[toastComp]',","                template: \"\\n        <i class=\\\"toaster-icon\\\" [ngClass]=\\\"iconClass\\\"></i>\\n        <div class=\\\"toast-content\\\">\\n            <div [ngClass]=\\\"toast.toasterConfig.titleClass\\\">{{toast.title}}</div>\\n            <div [ngClass]=\\\"toast.toasterConfig.messageClass\\\" [ngSwitch]=\\\"toast.bodyOutputType\\\">\\n                <div *ngSwitchCase=\\\"bodyOutputType.Component\\\" #componentBody></div>\\n                <div *ngSwitchCase=\\\"bodyOutputType.TrustedHtml\\\" [innerHTML]=\\\"toast.body\\\"></div>\\n                <div *ngSwitchCase=\\\"bodyOutputType.Default\\\">{{toast.body}}</div>\\n            </div>\\n        </div>\\n        <div class=\\\"toast-close-button\\\" *ngIf=\\\"toast.showCloseButton\\\" (click)=\\\"click($event, toast)\\\"\\n            [innerHTML]=\\\"safeCloseHtml\\\">\\n        </div>\",","                outputs: ['clickEvent']","            },] },","];","/** @nocollapse */","ToastComponent.ctorParameters = function () { return [","    { type: _angular_platformBrowser.DomSanitizer, },","    { type: _angular_core.ComponentFactoryResolver, },","    { type: _angular_core.ChangeDetectorRef, },","]; };","ToastComponent.propDecorators = {","    'toast': [{ type: _angular_core.Input },],","    'iconClass': [{ type: _angular_core.Input },],","    'componentBody': [{ type: _angular_core.ViewChild, args: ['componentBody', { read: _angular_core.ViewContainerRef },] },],","};","","var ToasterConfig = (function () {","    function ToasterConfig(configOverrides) {","        configOverrides = configOverrides || {};","        this.limit = configOverrides.limit || null;","        this.tapToDismiss = configOverrides.tapToDismiss != null ? configOverrides.tapToDismiss : true;","        this.showCloseButton = configOverrides.showCloseButton != null ? configOverrides.showCloseButton : false;","        this.closeHtml = configOverrides.closeHtml || '<button class=\"toast-close-button\" type=\"button\">&times;</button>';","        this.newestOnTop = configOverrides.newestOnTop != null ? configOverrides.newestOnTop : true;","        this.timeout = configOverrides.timeout != null ? configOverrides.timeout : 5000;","        this.typeClasses = configOverrides.typeClasses || {","            error: 'toast-error',","            info: 'toast-info',","            wait: 'toast-wait',","            success: 'toast-success',","            warning: 'toast-warning'","        };","        this.iconClasses = configOverrides.iconClasses || {","            error: 'icon-error',","            info: 'icon-info',","            wait: 'icon-wait',","            success: 'icon-success',","            warning: 'icon-warning'","        };","        this.bodyOutputType = configOverrides.bodyOutputType || exports.BodyOutputType.Default;","        this.bodyTemplate = configOverrides.bodyTemplate || 'toasterBodyTmpl.html';","        this.defaultTypeClass = configOverrides.defaultTypeClass || 'toast-info';","        this.positionClass = configOverrides.positionClass || 'toast-top-right';","        this.animationClass = configOverrides.animationClass || '';","        this.titleClass = configOverrides.titleClass || 'toast-title';","        this.messageClass = configOverrides.messageClass || 'toast-message';","        this.preventDuplicates = configOverrides.preventDuplicates != null ? configOverrides.preventDuplicates : false;","        this.mouseoverTimerStop = configOverrides.mouseoverTimerStop != null ? configOverrides.mouseoverTimerStop : false;","        this.toastContainerId = configOverrides.toastContainerId != null ? configOverrides.toastContainerId : null;","    }","    return ToasterConfig;","}());","","var ToasterService = (function () {","    /**","     * Creates an instance of ToasterService.","     */","    function ToasterService() {","        var _this = this;","        this.addToast = new rxjs_Observable.Observable(function (observer) { return _this._addToast = observer; }).share();","        this.clearToasts = new rxjs_Observable.Observable(function (observer) { return _this._clearToasts = observer; }).share();","        this._removeToastSubject = new rxjs_Subject.Subject();","        this.removeToast = this._removeToastSubject.share();","    }","    /**","     * Synchronously create and show a new toast instance.","     *","     * @param {(string | Toast)} type The type of the toast, or a Toast object.","     * @param {string=} title The toast title.","     * @param {string=} body The toast body.","     * @returns {Toast}","     *          The newly created Toast instance with a randomly generated GUID Id.","     */","    ToasterService.prototype.pop = function (type, title, body) {","        var toast = typeof type === 'string' ? { type: type, title: title, body: body } : type;","        toast.toastId = Guid.newGuid();","        if (!this._addToast) {","            throw new Error(\"No Toaster Containers have been initialized to receive toasts.\");","        }","        this._addToast.next(toast);","        return toast;","    };","    /**","     * Asynchronously create and show a new toast instance.","     *","     * @param {(string | Toast)} type The type of the toast, or a Toast object.","     * @param {string=} title The toast title.","     * @param {string=} body The toast body.","     * @returns {Observable<Toast>}","     *          A hot Observable that can be subscribed to in order to receive the Toast instance","     *          with a randomly generated GUID Id.","     */","    ToasterService.prototype.popAsync = function (type, title, body) {","        var _this = this;","        setTimeout(function () {","            _this.pop(type, title, body);","        }, 0);","        return this.addToast;","    };","    /**","     * Clears a toast by toastId and/or toastContainerId.","     *","     * @param {string} toastId The toastId to clear.","     * @param {number=} toastContainerId","     *        The toastContainerId of the container to remove toasts from.","     */","    ToasterService.prototype.clear = function (toastId, toastContainerId) {","        var clearWrapper = {","            toastId: toastId, toastContainerId: toastContainerId","        };","        this._clearToasts.next(clearWrapper);","    };","    return ToasterService;","}());","ToasterService.decorators = [","    { type: _angular_core.Injectable },","];","/** @nocollapse */","ToasterService.ctorParameters = function () { return []; };","// http://stackoverflow.com/questions/26501688/a-typescript-guid-class","var Guid = (function () {","    function Guid() {","    }","    Guid.newGuid = function () {","        return 'xxxxxxxx-xxxx-4xxx-yxxx-xxxxxxxxxxxx'.replace(/[xy]/g, function (c) {","            var r = Math.random() * 16 | 0, v = c == 'x' ? r : (r & 0x3 | 0x8);","            return v.toString(16);","        });","    };","    return Guid;","}());","","var ToasterContainerComponent = (function () {","    function ToasterContainerComponent(toasterService, ref) {","        this.ref = ref;","        this.toasts = [];","        this.toasterService = toasterService;","    }","    ToasterContainerComponent.prototype.ngOnInit = function () {","        this.registerSubscribers();","        if (this.toasterconfig === null || typeof this.toasterconfig === 'undefined') {","            this.toasterconfig = new ToasterConfig();","        }","    };","    // event handlers","    ToasterContainerComponent.prototype.click = function (toast, isCloseButton) {","        if (this.toasterconfig.tapToDismiss || (toast.showCloseButton && isCloseButton)) {","            var removeToast = true;","            if (toast.clickHandler) {","                if (typeof toast.clickHandler === \"function\") {","                    removeToast = toast.clickHandler(toast, isCloseButton);","                }","                else {","                    console.log(\"The toast click handler is not a callable function.\");","                    return false;","                }","            }","            if (removeToast) {","                this.removeToast(toast);","            }","        }","    };","    ToasterContainerComponent.prototype.childClick = function ($event) {","        this.click($event.value.toast, $event.value.isCloseButton);","    };","    ToasterContainerComponent.prototype.stopTimer = function (toast) {","        if (this.toasterconfig.mouseoverTimerStop) {","            if (toast.timeoutId) {","                window.clearTimeout(toast.timeoutId);","                toast.timeoutId = null;","            }","        }","    };","    ToasterContainerComponent.prototype.restartTimer = function (toast) {","        if (this.toasterconfig.mouseoverTimerStop) {","            if (!toast.timeoutId) {","                this.configureTimer(toast);","            }","        }","        else if (toast.timeoutId === null) {","            this.removeToast(toast);","        }","    };","    // private functions","    ToasterContainerComponent.prototype.registerSubscribers = function () {","        var _this = this;","        this.addToastSubscriber = this.toasterService.addToast.subscribe(function (toast) {","            _this.addToast(toast);","        });","        this.clearToastsSubscriber = this.toasterService.clearToasts.subscribe(function (clearWrapper) {","            _this.clearToasts(clearWrapper);","        });","    };","    ToasterContainerComponent.prototype.addToast = function (toast) {","        toast.toasterConfig = this.toasterconfig;","        if (toast.toastContainerId && this.toasterconfig.toastContainerId","            && toast.toastContainerId !== this.toasterconfig.toastContainerId)","            return;","        if (!toast.type) {","            toast.type = this.toasterconfig.defaultTypeClass;","        }","        if (this.toasterconfig.preventDuplicates && this.toasts.length > 0) {","            if (toast.toastId && this.toasts.some(function (t) { return t.toastId === toast.toastId; })) {","                return;","            }","            else if (this.toasts.some(function (t) { return t.body === toast.body; })) {","                return;","            }","        }","        if (toast.showCloseButton === null || typeof toast.showCloseButton === \"undefined\") {","            if (typeof this.toasterconfig.showCloseButton === \"object\") {","                toast.showCloseButton = this.toasterconfig.showCloseButton[toast.type];","            }","            else if (typeof this.toasterconfig.showCloseButton === \"boolean\") {","                toast.showCloseButton = this.toasterconfig.showCloseButton;","            }","        }","        if (toast.showCloseButton) {","            toast.closeHtml = toast.closeHtml || this.toasterconfig.closeHtml;","        }","        toast.bodyOutputType = toast.bodyOutputType || this.toasterconfig.bodyOutputType;","        this.configureTimer(toast);","        if (this.toasterconfig.newestOnTop) {","            this.toasts.unshift(toast);","            if (this.isLimitExceeded()) {","                this.toasts.pop();","            }","        }","        else {","            this.toasts.push(toast);","            if (this.isLimitExceeded()) {","                this.toasts.shift();","            }","        }","        if (toast.onShowCallback) {","            toast.onShowCallback(toast);","        }","    };","    ToasterContainerComponent.prototype.configureTimer = function (toast) {","        var _this = this;","        var timeout = (typeof toast.timeout === \"number\")","            ? toast.timeout : this.toasterconfig.timeout;","        if (typeof timeout === \"object\")","            timeout = timeout[toast.type];","        if (timeout > 0) {","            toast.timeoutId = window.setTimeout(function () {","                _this.ref.markForCheck();","                _this.removeToast(toast);","            }, timeout);","        }","    };","    ToasterContainerComponent.prototype.isLimitExceeded = function () {","        return this.toasterconfig.limit && this.toasts.length > this.toasterconfig.limit;","    };","    ToasterContainerComponent.prototype.removeToast = function (toast) {","        var index = this.toasts.indexOf(toast);","        if (index < 0)","            return;","        this.toasts.splice(index, 1);","        if (toast.timeoutId) {","            window.clearTimeout(toast.timeoutId);","            toast.timeoutId = null;","        }","        if (toast.onHideCallback)","            toast.onHideCallback(toast);","        this.toasterService._removeToastSubject.next({ toastId: toast.toastId, toastContainerId: toast.toastContainerId });","    };","    ToasterContainerComponent.prototype.removeAllToasts = function () {","        for (var i = this.toasts.length - 1; i >= 0; i--) {","            this.removeToast(this.toasts[i]);","        }","    };","    ToasterContainerComponent.prototype.clearToasts = function (clearWrapper) {","        var toastId = clearWrapper.toastId;","        var toastContainerId = clearWrapper.toastContainerId;","        if (toastContainerId === null || typeof toastContainerId === 'undefined') {","            this.clearToastsAction(toastId);","        }","        else if (toastContainerId === this.toasterconfig.toastContainerId) {","            this.clearToastsAction(toastId);","        }","    };","    ToasterContainerComponent.prototype.clearToastsAction = function (toastId) {","        if (toastId) {","            this.removeToast(this.toasts.filter(function (t) { return t.toastId === toastId; })[0]);","        }","        else {","            this.removeAllToasts();","        }","    };","    ToasterContainerComponent.prototype.ngOnDestroy = function () {","        if (this.addToastSubscriber) {","            this.addToastSubscriber.unsubscribe();","        }","        if (this.clearToastsSubscriber) {","            this.clearToastsSubscriber.unsubscribe();","        }","    };","    return ToasterContainerComponent;","}());","ToasterContainerComponent.decorators = [","    { type: _angular_core.Component, args: [{","                selector: 'toaster-container',","                template: \"\\n        <div id=\\\"toast-container\\\" [ngClass]=\\\"[toasterconfig.positionClass, toasterconfig.animationClass]\\\" class=\\\"ng-animate\\\">\\n            <div toastComp *ngFor=\\\"let toast of toasts\\\" class=\\\"toast\\\" [toast]=\\\"toast\\\"\\n                [iconClass]=\\\"toasterconfig.iconClasses[toast.type]\\\" \\n                [ngClass]=\\\"toasterconfig.typeClasses[toast.type]\\\"\\n                (click)=\\\"click(toast)\\\" (clickEvent)=\\\"childClick($event)\\\" \\n                (mouseover)=\\\"stopTimer(toast)\\\" (mouseout)=\\\"restartTimer(toast)\\\">\\n            </div>\\n        </div>\\n        \" //,","                // TODO: use styleUrls once Angular 2 supports the use of relative paths","                // https://github.com/angular/angular/issues/2383","                //styleUrls: ['./toaster.css']","            },] },","];","/** @nocollapse */","ToasterContainerComponent.ctorParameters = function () { return [","    { type: ToasterService, },","    { type: _angular_core.ChangeDetectorRef, },","]; };","ToasterContainerComponent.propDecorators = {","    'toasterconfig': [{ type: _angular_core.Input },],","};","","var ToasterModule = (function () {","    function ToasterModule() {","    }","    return ToasterModule;","}());","ToasterModule.decorators = [","    { type: _angular_core.NgModule, args: [{","                imports: [_angular_common.CommonModule],","                declarations: [","                    ToastComponent,","                    ToasterContainerComponent","                ],","                providers: [ToasterService],","                exports: [","                    ToasterContainerComponent,","                    ToastComponent","                ]","            },] },","];","/** @nocollapse */","ToasterModule.ctorParameters = function () { return []; };","","exports.ToastComponent = ToastComponent;","exports.ToasterContainerComponent = ToasterContainerComponent;","exports.ToasterService = ToasterService;","exports.ToasterConfig = ToasterConfig;","exports.ToasterModule = ToasterModule;","","Object.defineProperty(exports, '__esModule', { value: true });","","})));",""],"l":{"1":2,"2":2,"7":0,"8":0,"9":0,"10":0,"13":0,"14":1,"15":0,"16":0,"17":0,"18":0,"19":0,"21":0,"22":0,"23":0,"26":0,"27":0,"28":0,"29":0,"30":0,"31":0,"34":0,"35":0,"36":0,"40":0,"42":0,"50":0,"55":0,"61":0,"62":1,"63":0,"64":0,"65":0,"66":0,"67":0,"68":0,"69":0,"70":0,"77":0,"84":0,"85":0,"86":0,"87":0,"88":0,"89":0,"90":0,"91":0,"92":0,"93":0,"95":0,"98":0,"102":1,"103":0,"104":0,"105":0,"106":0,"107":0,"118":0,"119":0,"120":0,"121":0,"122":0,"124":0,"125":0,"137":0,"138":0,"139":0,"140":0,"142":0,"151":0,"152":0,"155":0,"157":0,"159":0,"163":0,"165":0,"166":1,"168":0,"169":0,"170":0,"171":0,"174":0,"177":0,"178":1,"179":0,"180":0,"181":0,"183":0,"184":0,"185":0,"186":0,"190":0,"191":0,"192":0,"193":0,"194":0,"195":0,"198":0,"199":0,"202":0,"203":0,"207":0,"208":0,"210":0,"211":0,"212":0,"213":0,"214":0,"218":0,"219":0,"220":0,"221":0,"224":0,"225":0,"229":0,"230":0,"231":0,"232":0,"234":0,"235":0,"238":0,"239":0,"240":0,"242":0,"243":0,"244":0,"246":0,"247":0,"248":0,"250":0,"251":0,"254":0,"255":0,"256":0,"258":0,"259":0,"262":0,"263":0,"265":0,"266":0,"267":0,"268":0,"269":0,"270":0,"274":0,"275":0,"276":0,"279":0,"280":0,"283":0,"284":0,"285":0,"287":0,"288":0,"289":0,"290":0,"291":0,"292":0,"296":0,"297":0,"299":0,"300":0,"301":0,"302":0,"303":0,"304":0,"305":0,"306":0,"308":0,"309":0,"310":0,"312":0,"313":0,"314":0,"317":0,"318":0,"319":0,"320":0,"321":0,"323":0,"324":0,"327":0,"328":0,"329":0,"332":0,"335":0,"336":0,"337":0,"339":0,"340":0,"343":0,"345":0,"355":0,"359":0,"363":0,"364":1,"366":0,"368":0,"383":0,"385":0,"386":0,"387":0,"388":0,"389":0,"391":0}},"/home/travis/build/npmtest/node-npmtest-angular2-toaster/node_modules/angular2-toaster/src/toast.js":{"path":"/home/travis/build/npmtest/node-npmtest-angular2-toaster/node_modules/angular2-toaster/src/toast.js","s":{},"b":{},"f":{},"fnMap":{},"statementMap":{},"branchMap":{},"code":["//# sourceMappingURL=toast.js.map"],"l":{}}}